
AVRASM ver. 2.1.30  C:\Users\khalesih1\Desktop\linefollower\codevision\Debug\List\linefollower.asm Tue Dec 14 09:10:11 2021

C:\Users\khalesih1\Desktop\linefollower\codevision\Debug\List\linefollower.asm(1088): warning: Register r5 already defined by the .DEF directive
C:\Users\khalesih1\Desktop\linefollower\codevision\Debug\List\linefollower.asm(1089): warning: Register r4 already defined by the .DEF directive
C:\Users\khalesih1\Desktop\linefollower\codevision\Debug\List\linefollower.asm(1090): warning: Register r7 already defined by the .DEF directive
                 
                 
                 ;CodeVisionAVR C Compiler V3.12 Advanced
                 ;(C) Copyright 1998-2014 Pavel Haiduc, HP InfoTech s.r.l.
                 ;http://www.hpinfotech.com
                 
                 ;Build configuration    : Debug
                 ;Chip type              : ATmega16
                 ;Program type           : Application
                 ;Clock frequency        : 8.000000 MHz
                 ;Memory model           : Small
                 ;Optimize for           : Size
                 ;(s)printf features     : int, width
                 ;(s)scanf features      : int, width
                 ;External RAM size      : 0
                 ;Data Stack size        : 256 byte(s)
                 ;Heap size              : 0 byte(s)
                 ;Promote 'char' to 'int': Yes
                 ;'char' is unsigned     : Yes
                 ;8 bit enums            : Yes
                 ;Global 'const' stored in FLASH: Yes
                 ;Enhanced function parameter passing: Yes
                 ;Enhanced core instructions: On
                 ;Automatic register allocation for global variables: On
                 ;Smart register allocation: On
                 
                 	#define _MODEL_SMALL_
                 
                 	#pragma AVRPART ADMIN PART_NAME ATmega16
                 	#pragma AVRPART MEMORY PROG_FLASH 16384
                 	#pragma AVRPART MEMORY EEPROM 512
                 	#pragma AVRPART MEMORY INT_SRAM SIZE 1024
                 	#pragma AVRPART MEMORY INT_SRAM START_ADDR 0x60
                 
                 	#define CALL_SUPPORTED 1
                 
                 	.LISTMAC
                 	.EQU UDRE=0x5
                 	.EQU RXC=0x7
                 	.EQU USR=0xB
                 	.EQU UDR=0xC
                 	.EQU SPSR=0xE
                 	.EQU SPDR=0xF
                 	.EQU EERE=0x0
                 	.EQU EEWE=0x1
                 	.EQU EEMWE=0x2
                 	.EQU EECR=0x1C
                 	.EQU EEDR=0x1D
                 	.EQU EEARL=0x1E
                 	.EQU EEARH=0x1F
                 	.EQU WDTCR=0x21
                 	.EQU MCUCR=0x35
                 	.EQU GICR=0x3B
                 	.EQU SPL=0x3D
                 	.EQU SPH=0x3E
                 	.EQU SREG=0x3F
                 
                 	.DEF R0X0=R0
                 	.DEF R0X1=R1
                 	.DEF R0X2=R2
                 	.DEF R0X3=R3
                 	.DEF R0X4=R4
                 	.DEF R0X5=R5
                 	.DEF R0X6=R6
                 	.DEF R0X7=R7
                 	.DEF R0X8=R8
                 	.DEF R0X9=R9
                 	.DEF R0XA=R10
                 	.DEF R0XB=R11
                 	.DEF R0XC=R12
                 	.DEF R0XD=R13
                 	.DEF R0XE=R14
                 	.DEF R0XF=R15
                 	.DEF R0X10=R16
                 	.DEF R0X11=R17
                 	.DEF R0X12=R18
                 	.DEF R0X13=R19
                 	.DEF R0X14=R20
                 	.DEF R0X15=R21
                 	.DEF R0X16=R22
                 	.DEF R0X17=R23
                 	.DEF R0X18=R24
                 	.DEF R0X19=R25
                 	.DEF R0X1A=R26
                 	.DEF R0X1B=R27
                 	.DEF R0X1C=R28
                 	.DEF R0X1D=R29
                 	.DEF R0X1E=R30
                 	.DEF R0X1F=R31
                 
                 	.EQU __SRAM_START=0x0060
                 	.EQU __SRAM_END=0x045F
                 	.EQU __DSTACK_SIZE=0x0100
                 	.EQU __HEAP_SIZE=0x0000
                 	.EQU __CLEAR_SRAM_SIZE=__SRAM_END-__SRAM_START+1
                 
                 	.MACRO __CPD1N
                 	CPI  R30,LOW(@0)
                 	LDI  R26,HIGH(@0)
                 	CPC  R31,R26
                 	LDI  R26,BYTE3(@0)
                 	CPC  R22,R26
                 	LDI  R26,BYTE4(@0)
                 	CPC  R23,R26
                 	.ENDM
                 
                 	.MACRO __CPD2N
                 	CPI  R26,LOW(@0)
                 	LDI  R30,HIGH(@0)
                 	CPC  R27,R30
                 	LDI  R30,BYTE3(@0)
                 	CPC  R24,R30
                 	LDI  R30,BYTE4(@0)
                 	CPC  R25,R30
                 	.ENDM
                 
                 	.MACRO __CPWRR
                 	CP   R@0,R@2
                 	CPC  R@1,R@3
                 	.ENDM
                 
                 	.MACRO __CPWRN
                 	CPI  R@0,LOW(@2)
                 	LDI  R30,HIGH(@2)
                 	CPC  R@1,R30
                 	.ENDM
                 
                 	.MACRO __ADDB1MN
                 	SUBI R30,LOW(-@0-(@1))
                 	.ENDM
                 
                 	.MACRO __ADDB2MN
                 	SUBI R26,LOW(-@0-(@1))
                 	.ENDM
                 
                 	.MACRO __ADDW1MN
                 	SUBI R30,LOW(-@0-(@1))
                 	SBCI R31,HIGH(-@0-(@1))
                 	.ENDM
                 
                 	.MACRO __ADDW2MN
                 	SUBI R26,LOW(-@0-(@1))
                 	SBCI R27,HIGH(-@0-(@1))
                 	.ENDM
                 
                 	.MACRO __ADDW1FN
                 	SUBI R30,LOW(-2*@0-(@1))
                 	SBCI R31,HIGH(-2*@0-(@1))
                 	.ENDM
                 
                 	.MACRO __ADDD1FN
                 	SUBI R30,LOW(-2*@0-(@1))
                 	SBCI R31,HIGH(-2*@0-(@1))
                 	SBCI R22,BYTE3(-2*@0-(@1))
                 	.ENDM
                 
                 	.MACRO __ADDD1N
                 	SUBI R30,LOW(-@0)
                 	SBCI R31,HIGH(-@0)
                 	SBCI R22,BYTE3(-@0)
                 	SBCI R23,BYTE4(-@0)
                 	.ENDM
                 
                 	.MACRO __ADDD2N
                 	SUBI R26,LOW(-@0)
                 	SBCI R27,HIGH(-@0)
                 	SBCI R24,BYTE3(-@0)
                 	SBCI R25,BYTE4(-@0)
                 	.ENDM
                 
                 	.MACRO __SUBD1N
                 	SUBI R30,LOW(@0)
                 	SBCI R31,HIGH(@0)
                 	SBCI R22,BYTE3(@0)
                 	SBCI R23,BYTE4(@0)
                 	.ENDM
                 
                 	.MACRO __SUBD2N
                 	SUBI R26,LOW(@0)
                 	SBCI R27,HIGH(@0)
                 	SBCI R24,BYTE3(@0)
                 	SBCI R25,BYTE4(@0)
                 	.ENDM
                 
                 	.MACRO __ANDBMNN
                 	LDS  R30,@0+(@1)
                 	ANDI R30,LOW(@2)
                 	STS  @0+(@1),R30
                 	.ENDM
                 
                 	.MACRO __ANDWMNN
                 	LDS  R30,@0+(@1)
                 	ANDI R30,LOW(@2)
                 	STS  @0+(@1),R30
                 	LDS  R30,@0+(@1)+1
                 	ANDI R30,HIGH(@2)
                 	STS  @0+(@1)+1,R30
                 	.ENDM
                 
                 	.MACRO __ANDD1N
                 	ANDI R30,LOW(@0)
                 	ANDI R31,HIGH(@0)
                 	ANDI R22,BYTE3(@0)
                 	ANDI R23,BYTE4(@0)
                 	.ENDM
                 
                 	.MACRO __ANDD2N
                 	ANDI R26,LOW(@0)
                 	ANDI R27,HIGH(@0)
                 	ANDI R24,BYTE3(@0)
                 	ANDI R25,BYTE4(@0)
                 	.ENDM
                 
                 	.MACRO __ORBMNN
                 	LDS  R30,@0+(@1)
                 	ORI  R30,LOW(@2)
                 	STS  @0+(@1),R30
                 	.ENDM
                 
                 	.MACRO __ORWMNN
                 	LDS  R30,@0+(@1)
                 	ORI  R30,LOW(@2)
                 	STS  @0+(@1),R30
                 	LDS  R30,@0+(@1)+1
                 	ORI  R30,HIGH(@2)
                 	STS  @0+(@1)+1,R30
                 	.ENDM
                 
                 	.MACRO __ORD1N
                 	ORI  R30,LOW(@0)
                 	ORI  R31,HIGH(@0)
                 	ORI  R22,BYTE3(@0)
                 	ORI  R23,BYTE4(@0)
                 	.ENDM
                 
                 	.MACRO __ORD2N
                 	ORI  R26,LOW(@0)
                 	ORI  R27,HIGH(@0)
                 	ORI  R24,BYTE3(@0)
                 	ORI  R25,BYTE4(@0)
                 	.ENDM
                 
                 	.MACRO __DELAY_USB
                 	LDI  R24,LOW(@0)
                 __DELAY_USB_LOOP:
                 	DEC  R24
                 	BRNE __DELAY_USB_LOOP
                 	.ENDM
                 
                 	.MACRO __DELAY_USW
                 	LDI  R24,LOW(@0)
                 	LDI  R25,HIGH(@0)
                 __DELAY_USW_LOOP:
                 	SBIW R24,1
                 	BRNE __DELAY_USW_LOOP
                 	.ENDM
                 
                 	.MACRO __GETD1S
                 	LDD  R30,Y+@0
                 	LDD  R31,Y+@0+1
                 	LDD  R22,Y+@0+2
                 	LDD  R23,Y+@0+3
                 	.ENDM
                 
                 	.MACRO __GETD2S
                 	LDD  R26,Y+@0
                 	LDD  R27,Y+@0+1
                 	LDD  R24,Y+@0+2
                 	LDD  R25,Y+@0+3
                 	.ENDM
                 
                 	.MACRO __PUTD1S
                 	STD  Y+@0,R30
                 	STD  Y+@0+1,R31
                 	STD  Y+@0+2,R22
                 	STD  Y+@0+3,R23
                 	.ENDM
                 
                 	.MACRO __PUTD2S
                 	STD  Y+@0,R26
                 	STD  Y+@0+1,R27
                 	STD  Y+@0+2,R24
                 	STD  Y+@0+3,R25
                 	.ENDM
                 
                 	.MACRO __PUTDZ2
                 	STD  Z+@0,R26
                 	STD  Z+@0+1,R27
                 	STD  Z+@0+2,R24
                 	STD  Z+@0+3,R25
                 	.ENDM
                 
                 	.MACRO __CLRD1S
                 	STD  Y+@0,R30
                 	STD  Y+@0+1,R30
                 	STD  Y+@0+2,R30
                 	STD  Y+@0+3,R30
                 	.ENDM
                 
                 	.MACRO __POINTB1MN
                 	LDI  R30,LOW(@0+(@1))
                 	.ENDM
                 
                 	.MACRO __POINTW1MN
                 	LDI  R30,LOW(@0+(@1))
                 	LDI  R31,HIGH(@0+(@1))
                 	.ENDM
                 
                 	.MACRO __POINTD1M
                 	LDI  R30,LOW(@0)
                 	LDI  R31,HIGH(@0)
                 	LDI  R22,BYTE3(@0)
                 	LDI  R23,BYTE4(@0)
                 	.ENDM
                 
                 	.MACRO __POINTW1FN
                 	LDI  R30,LOW(2*@0+(@1))
                 	LDI  R31,HIGH(2*@0+(@1))
                 	.ENDM
                 
                 	.MACRO __POINTD1FN
                 	LDI  R30,LOW(2*@0+(@1))
                 	LDI  R31,HIGH(2*@0+(@1))
                 	LDI  R22,BYTE3(2*@0+(@1))
                 	LDI  R23,BYTE4(2*@0+(@1))
                 	.ENDM
                 
                 	.MACRO __POINTB2MN
                 	LDI  R26,LOW(@0+(@1))
                 	.ENDM
                 
                 	.MACRO __POINTW2MN
                 	LDI  R26,LOW(@0+(@1))
                 	LDI  R27,HIGH(@0+(@1))
                 	.ENDM
                 
                 	.MACRO __POINTW2FN
                 	LDI  R26,LOW(2*@0+(@1))
                 	LDI  R27,HIGH(2*@0+(@1))
                 	.ENDM
                 
                 	.MACRO __POINTD2FN
                 	LDI  R26,LOW(2*@0+(@1))
                 	LDI  R27,HIGH(2*@0+(@1))
                 	LDI  R24,BYTE3(2*@0+(@1))
                 	LDI  R25,BYTE4(2*@0+(@1))
                 	.ENDM
                 
                 	.MACRO __POINTBRM
                 	LDI  R@0,LOW(@1)
                 	.ENDM
                 
                 	.MACRO __POINTWRM
                 	LDI  R@0,LOW(@2)
                 	LDI  R@1,HIGH(@2)
                 	.ENDM
                 
                 	.MACRO __POINTBRMN
                 	LDI  R@0,LOW(@1+(@2))
                 	.ENDM
                 
                 	.MACRO __POINTWRMN
                 	LDI  R@0,LOW(@2+(@3))
                 	LDI  R@1,HIGH(@2+(@3))
                 	.ENDM
                 
                 	.MACRO __POINTWRFN
                 	LDI  R@0,LOW(@2*2+(@3))
                 	LDI  R@1,HIGH(@2*2+(@3))
                 	.ENDM
                 
                 	.MACRO __GETD1N
                 	LDI  R30,LOW(@0)
                 	LDI  R31,HIGH(@0)
                 	LDI  R22,BYTE3(@0)
                 	LDI  R23,BYTE4(@0)
                 	.ENDM
                 
                 	.MACRO __GETD2N
                 	LDI  R26,LOW(@0)
                 	LDI  R27,HIGH(@0)
                 	LDI  R24,BYTE3(@0)
                 	LDI  R25,BYTE4(@0)
                 	.ENDM
                 
                 	.MACRO __GETB1MN
                 	LDS  R30,@0+(@1)
                 	.ENDM
                 
                 	.MACRO __GETB1HMN
                 	LDS  R31,@0+(@1)
                 	.ENDM
                 
                 	.MACRO __GETW1MN
                 	LDS  R30,@0+(@1)
                 	LDS  R31,@0+(@1)+1
                 	.ENDM
                 
                 	.MACRO __GETD1MN
                 	LDS  R30,@0+(@1)
                 	LDS  R31,@0+(@1)+1
                 	LDS  R22,@0+(@1)+2
                 	LDS  R23,@0+(@1)+3
                 	.ENDM
                 
                 	.MACRO __GETBRMN
                 	LDS  R@0,@1+(@2)
                 	.ENDM
                 
                 	.MACRO __GETWRMN
                 	LDS  R@0,@2+(@3)
                 	LDS  R@1,@2+(@3)+1
                 	.ENDM
                 
                 	.MACRO __GETWRZ
                 	LDD  R@0,Z+@2
                 	LDD  R@1,Z+@2+1
                 	.ENDM
                 
                 	.MACRO __GETD2Z
                 	LDD  R26,Z+@0
                 	LDD  R27,Z+@0+1
                 	LDD  R24,Z+@0+2
                 	LDD  R25,Z+@0+3
                 	.ENDM
                 
                 	.MACRO __GETB2MN
                 	LDS  R26,@0+(@1)
                 	.ENDM
                 
                 	.MACRO __GETW2MN
                 	LDS  R26,@0+(@1)
                 	LDS  R27,@0+(@1)+1
                 	.ENDM
                 
                 	.MACRO __GETD2MN
                 	LDS  R26,@0+(@1)
                 	LDS  R27,@0+(@1)+1
                 	LDS  R24,@0+(@1)+2
                 	LDS  R25,@0+(@1)+3
                 	.ENDM
                 
                 	.MACRO __PUTB1MN
                 	STS  @0+(@1),R30
                 	.ENDM
                 
                 	.MACRO __PUTW1MN
                 	STS  @0+(@1),R30
                 	STS  @0+(@1)+1,R31
                 	.ENDM
                 
                 	.MACRO __PUTD1MN
                 	STS  @0+(@1),R30
                 	STS  @0+(@1)+1,R31
                 	STS  @0+(@1)+2,R22
                 	STS  @0+(@1)+3,R23
                 	.ENDM
                 
                 	.MACRO __PUTB1EN
                 	LDI  R26,LOW(@0+(@1))
                 	LDI  R27,HIGH(@0+(@1))
                 	CALL __EEPROMWRB
                 	.ENDM
                 
                 	.MACRO __PUTW1EN
                 	LDI  R26,LOW(@0+(@1))
                 	LDI  R27,HIGH(@0+(@1))
                 	CALL __EEPROMWRW
                 	.ENDM
                 
                 	.MACRO __PUTD1EN
                 	LDI  R26,LOW(@0+(@1))
                 	LDI  R27,HIGH(@0+(@1))
                 	CALL __EEPROMWRD
                 	.ENDM
                 
                 	.MACRO __PUTBR0MN
                 	STS  @0+(@1),R0
                 	.ENDM
                 
                 	.MACRO __PUTBMRN
                 	STS  @0+(@1),R@2
                 	.ENDM
                 
                 	.MACRO __PUTWMRN
                 	STS  @0+(@1),R@2
                 	STS  @0+(@1)+1,R@3
                 	.ENDM
                 
                 	.MACRO __PUTBZR
                 	STD  Z+@1,R@0
                 	.ENDM
                 
                 	.MACRO __PUTWZR
                 	STD  Z+@2,R@0
                 	STD  Z+@2+1,R@1
                 	.ENDM
                 
                 	.MACRO __GETW1R
                 	MOV  R30,R@0
                 	MOV  R31,R@1
                 	.ENDM
                 
                 	.MACRO __GETW2R
                 	MOV  R26,R@0
                 	MOV  R27,R@1
                 	.ENDM
                 
                 	.MACRO __GETWRN
                 	LDI  R@0,LOW(@2)
                 	LDI  R@1,HIGH(@2)
                 	.ENDM
                 
                 	.MACRO __PUTW1R
                 	MOV  R@0,R30
                 	MOV  R@1,R31
                 	.ENDM
                 
                 	.MACRO __PUTW2R
                 	MOV  R@0,R26
                 	MOV  R@1,R27
                 	.ENDM
                 
                 	.MACRO __ADDWRN
                 	SUBI R@0,LOW(-@2)
                 	SBCI R@1,HIGH(-@2)
                 	.ENDM
                 
                 	.MACRO __ADDWRR
                 	ADD  R@0,R@2
                 	ADC  R@1,R@3
                 	.ENDM
                 
                 	.MACRO __SUBWRN
                 	SUBI R@0,LOW(@2)
                 	SBCI R@1,HIGH(@2)
                 	.ENDM
                 
                 	.MACRO __SUBWRR
                 	SUB  R@0,R@2
                 	SBC  R@1,R@3
                 	.ENDM
                 
                 	.MACRO __ANDWRN
                 	ANDI R@0,LOW(@2)
                 	ANDI R@1,HIGH(@2)
                 	.ENDM
                 
                 	.MACRO __ANDWRR
                 	AND  R@0,R@2
                 	AND  R@1,R@3
                 	.ENDM
                 
                 	.MACRO __ORWRN
                 	ORI  R@0,LOW(@2)
                 	ORI  R@1,HIGH(@2)
                 	.ENDM
                 
                 	.MACRO __ORWRR
                 	OR   R@0,R@2
                 	OR   R@1,R@3
                 	.ENDM
                 
                 	.MACRO __EORWRR
                 	EOR  R@0,R@2
                 	EOR  R@1,R@3
                 	.ENDM
                 
                 	.MACRO __GETWRS
                 	LDD  R@0,Y+@2
                 	LDD  R@1,Y+@2+1
                 	.ENDM
                 
                 	.MACRO __PUTBSR
                 	STD  Y+@1,R@0
                 	.ENDM
                 
                 	.MACRO __PUTWSR
                 	STD  Y+@2,R@0
                 	STD  Y+@2+1,R@1
                 	.ENDM
                 
                 	.MACRO __MOVEWRR
                 	MOV  R@0,R@2
                 	MOV  R@1,R@3
                 	.ENDM
                 
                 	.MACRO __INWR
                 	IN   R@0,@2
                 	IN   R@1,@2+1
                 	.ENDM
                 
                 	.MACRO __OUTWR
                 	OUT  @2+1,R@1
                 	OUT  @2,R@0
                 	.ENDM
                 
                 	.MACRO __CALL1MN
                 	LDS  R30,@0+(@1)
                 	LDS  R31,@0+(@1)+1
                 	ICALL
                 	.ENDM
                 
                 	.MACRO __CALL1FN
                 	LDI  R30,LOW(2*@0+(@1))
                 	LDI  R31,HIGH(2*@0+(@1))
                 	CALL __GETW1PF
                 	ICALL
                 	.ENDM
                 
                 	.MACRO __CALL2EN
                 	PUSH R26
                 	PUSH R27
                 	LDI  R26,LOW(@0+(@1))
                 	LDI  R27,HIGH(@0+(@1))
                 	CALL __EEPROMRDW
                 	POP  R27
                 	POP  R26
                 	ICALL
                 	.ENDM
                 
                 	.MACRO __CALL2EX
                 	SUBI R26,LOW(-@0)
                 	SBCI R27,HIGH(-@0)
                 	CALL __EEPROMRDD
                 	ICALL
                 	.ENDM
                 
                 	.MACRO __GETW1STACK
                 	IN   R30,SPL
                 	IN   R31,SPH
                 	ADIW R30,@0+1
                 	LD   R0,Z+
                 	LD   R31,Z
                 	MOV  R30,R0
                 	.ENDM
                 
                 	.MACRO __GETD1STACK
                 	IN   R30,SPL
                 	IN   R31,SPH
                 	ADIW R30,@0+1
                 	LD   R0,Z+
                 	LD   R1,Z+
                 	LD   R22,Z
                 	MOVW R30,R0
                 	.ENDM
                 
                 	.MACRO __NBST
                 	BST  R@0,@1
                 	IN   R30,SREG
                 	LDI  R31,0x40
                 	EOR  R30,R31
                 	OUT  SREG,R30
                 	.ENDM
                 
                 
                 	.MACRO __PUTB1SN
                 	LDD  R26,Y+@0
                 	LDD  R27,Y+@0+1
                 	SUBI R26,LOW(-@1)
                 	SBCI R27,HIGH(-@1)
                 	ST   X,R30
                 	.ENDM
                 
                 	.MACRO __PUTW1SN
                 	LDD  R26,Y+@0
                 	LDD  R27,Y+@0+1
                 	SUBI R26,LOW(-@1)
                 	SBCI R27,HIGH(-@1)
                 	ST   X+,R30
                 	ST   X,R31
                 	.ENDM
                 
                 	.MACRO __PUTD1SN
                 	LDD  R26,Y+@0
                 	LDD  R27,Y+@0+1
                 	SUBI R26,LOW(-@1)
                 	SBCI R27,HIGH(-@1)
                 	CALL __PUTDP1
                 	.ENDM
                 
                 	.MACRO __PUTB1SNS
                 	LDD  R26,Y+@0
                 	LDD  R27,Y+@0+1
                 	ADIW R26,@1
                 	ST   X,R30
                 	.ENDM
                 
                 	.MACRO __PUTW1SNS
                 	LDD  R26,Y+@0
                 	LDD  R27,Y+@0+1
                 	ADIW R26,@1
                 	ST   X+,R30
                 	ST   X,R31
                 	.ENDM
                 
                 	.MACRO __PUTD1SNS
                 	LDD  R26,Y+@0
                 	LDD  R27,Y+@0+1
                 	ADIW R26,@1
                 	CALL __PUTDP1
                 	.ENDM
                 
                 	.MACRO __PUTB1PMN
                 	LDS  R26,@0
                 	LDS  R27,@0+1
                 	SUBI R26,LOW(-@1)
                 	SBCI R27,HIGH(-@1)
                 	ST   X,R30
                 	.ENDM
                 
                 	.MACRO __PUTW1PMN
                 	LDS  R26,@0
                 	LDS  R27,@0+1
                 	SUBI R26,LOW(-@1)
                 	SBCI R27,HIGH(-@1)
                 	ST   X+,R30
                 	ST   X,R31
                 	.ENDM
                 
                 	.MACRO __PUTD1PMN
                 	LDS  R26,@0
                 	LDS  R27,@0+1
                 	SUBI R26,LOW(-@1)
                 	SBCI R27,HIGH(-@1)
                 	CALL __PUTDP1
                 	.ENDM
                 
                 	.MACRO __PUTB1PMNS
                 	LDS  R26,@0
                 	LDS  R27,@0+1
                 	ADIW R26,@1
                 	ST   X,R30
                 	.ENDM
                 
                 	.MACRO __PUTW1PMNS
                 	LDS  R26,@0
                 	LDS  R27,@0+1
                 	ADIW R26,@1
                 	ST   X+,R30
                 	ST   X,R31
                 	.ENDM
                 
                 	.MACRO __PUTD1PMNS
                 	LDS  R26,@0
                 	LDS  R27,@0+1
                 	ADIW R26,@1
                 	CALL __PUTDP1
                 	.ENDM
                 
                 	.MACRO __PUTB1RN
                 	MOVW R26,R@0
                 	SUBI R26,LOW(-@1)
                 	SBCI R27,HIGH(-@1)
                 	ST   X,R30
                 	.ENDM
                 
                 	.MACRO __PUTW1RN
                 	MOVW R26,R@0
                 	SUBI R26,LOW(-@1)
                 	SBCI R27,HIGH(-@1)
                 	ST   X+,R30
                 	ST   X,R31
                 	.ENDM
                 
                 	.MACRO __PUTD1RN
                 	MOVW R26,R@0
                 	SUBI R26,LOW(-@1)
                 	SBCI R27,HIGH(-@1)
                 	CALL __PUTDP1
                 	.ENDM
                 
                 	.MACRO __PUTB1RNS
                 	MOVW R26,R@0
                 	ADIW R26,@1
                 	ST   X,R30
                 	.ENDM
                 
                 	.MACRO __PUTW1RNS
                 	MOVW R26,R@0
                 	ADIW R26,@1
                 	ST   X+,R30
                 	ST   X,R31
                 	.ENDM
                 
                 	.MACRO __PUTD1RNS
                 	MOVW R26,R@0
                 	ADIW R26,@1
                 	CALL __PUTDP1
                 	.ENDM
                 
                 	.MACRO __PUTB1RON
                 	MOV  R26,R@0
                 	MOV  R27,R@1
                 	SUBI R26,LOW(-@2)
                 	SBCI R27,HIGH(-@2)
                 	ST   X,R30
                 	.ENDM
                 
                 	.MACRO __PUTW1RON
                 	MOV  R26,R@0
                 	MOV  R27,R@1
                 	SUBI R26,LOW(-@2)
                 	SBCI R27,HIGH(-@2)
                 	ST   X+,R30
                 	ST   X,R31
                 	.ENDM
                 
                 	.MACRO __PUTD1RON
                 	MOV  R26,R@0
                 	MOV  R27,R@1
                 	SUBI R26,LOW(-@2)
                 	SBCI R27,HIGH(-@2)
                 	CALL __PUTDP1
                 	.ENDM
                 
                 	.MACRO __PUTB1RONS
                 	MOV  R26,R@0
                 	MOV  R27,R@1
                 	ADIW R26,@2
                 	ST   X,R30
                 	.ENDM
                 
                 	.MACRO __PUTW1RONS
                 	MOV  R26,R@0
                 	MOV  R27,R@1
                 	ADIW R26,@2
                 	ST   X+,R30
                 	ST   X,R31
                 	.ENDM
                 
                 	.MACRO __PUTD1RONS
                 	MOV  R26,R@0
                 	MOV  R27,R@1
                 	ADIW R26,@2
                 	CALL __PUTDP1
                 	.ENDM
                 
                 
                 	.MACRO __GETB1SX
                 	MOVW R30,R28
                 	SUBI R30,LOW(-@0)
                 	SBCI R31,HIGH(-@0)
                 	LD   R30,Z
                 	.ENDM
                 
                 	.MACRO __GETB1HSX
                 	MOVW R30,R28
                 	SUBI R30,LOW(-@0)
                 	SBCI R31,HIGH(-@0)
                 	LD   R31,Z
                 	.ENDM
                 
                 	.MACRO __GETW1SX
                 	MOVW R30,R28
                 	SUBI R30,LOW(-@0)
                 	SBCI R31,HIGH(-@0)
                 	LD   R0,Z+
                 	LD   R31,Z
                 	MOV  R30,R0
                 	.ENDM
                 
                 	.MACRO __GETD1SX
                 	MOVW R30,R28
                 	SUBI R30,LOW(-@0)
                 	SBCI R31,HIGH(-@0)
                 	LD   R0,Z+
                 	LD   R1,Z+
                 	LD   R22,Z+
                 	LD   R23,Z
                 	MOVW R30,R0
                 	.ENDM
                 
                 	.MACRO __GETB2SX
                 	MOVW R26,R28
                 	SUBI R26,LOW(-@0)
                 	SBCI R27,HIGH(-@0)
                 	LD   R26,X
                 	.ENDM
                 
                 	.MACRO __GETW2SX
                 	MOVW R26,R28
                 	SUBI R26,LOW(-@0)
                 	SBCI R27,HIGH(-@0)
                 	LD   R0,X+
                 	LD   R27,X
                 	MOV  R26,R0
                 	.ENDM
                 
                 	.MACRO __GETD2SX
                 	MOVW R26,R28
                 	SUBI R26,LOW(-@0)
                 	SBCI R27,HIGH(-@0)
                 	LD   R0,X+
                 	LD   R1,X+
                 	LD   R24,X+
                 	LD   R25,X
                 	MOVW R26,R0
                 	.ENDM
                 
                 	.MACRO __GETBRSX
                 	MOVW R30,R28
                 	SUBI R30,LOW(-@1)
                 	SBCI R31,HIGH(-@1)
                 	LD   R@0,Z
                 	.ENDM
                 
                 	.MACRO __GETWRSX
                 	MOVW R30,R28
                 	SUBI R30,LOW(-@2)
                 	SBCI R31,HIGH(-@2)
                 	LD   R@0,Z+
                 	LD   R@1,Z
                 	.ENDM
                 
                 	.MACRO __GETBRSX2
                 	MOVW R26,R28
                 	SUBI R26,LOW(-@1)
                 	SBCI R27,HIGH(-@1)
                 	LD   R@0,X
                 	.ENDM
                 
                 	.MACRO __GETWRSX2
                 	MOVW R26,R28
                 	SUBI R26,LOW(-@2)
                 	SBCI R27,HIGH(-@2)
                 	LD   R@0,X+
                 	LD   R@1,X
                 	.ENDM
                 
                 	.MACRO __LSLW8SX
                 	MOVW R30,R28
                 	SUBI R30,LOW(-@0)
                 	SBCI R31,HIGH(-@0)
                 	LD   R31,Z
                 	CLR  R30
                 	.ENDM
                 
                 	.MACRO __PUTB1SX
                 	MOVW R26,R28
                 	SUBI R26,LOW(-@0)
                 	SBCI R27,HIGH(-@0)
                 	ST   X,R30
                 	.ENDM
                 
                 	.MACRO __PUTW1SX
                 	MOVW R26,R28
                 	SUBI R26,LOW(-@0)
                 	SBCI R27,HIGH(-@0)
                 	ST   X+,R30
                 	ST   X,R31
                 	.ENDM
                 
                 	.MACRO __PUTD1SX
                 	MOVW R26,R28
                 	SUBI R26,LOW(-@0)
                 	SBCI R27,HIGH(-@0)
                 	ST   X+,R30
                 	ST   X+,R31
                 	ST   X+,R22
                 	ST   X,R23
                 	.ENDM
                 
                 	.MACRO __CLRW1SX
                 	MOVW R26,R28
                 	SUBI R26,LOW(-@0)
                 	SBCI R27,HIGH(-@0)
                 	ST   X+,R30
                 	ST   X,R30
                 	.ENDM
                 
                 	.MACRO __CLRD1SX
                 	MOVW R26,R28
                 	SUBI R26,LOW(-@0)
                 	SBCI R27,HIGH(-@0)
                 	ST   X+,R30
                 	ST   X+,R30
                 	ST   X+,R30
                 	ST   X,R30
                 	.ENDM
                 
                 	.MACRO __PUTB2SX
                 	MOVW R30,R28
                 	SUBI R30,LOW(-@0)
                 	SBCI R31,HIGH(-@0)
                 	ST   Z,R26
                 	.ENDM
                 
                 	.MACRO __PUTW2SX
                 	MOVW R30,R28
                 	SUBI R30,LOW(-@0)
                 	SBCI R31,HIGH(-@0)
                 	ST   Z+,R26
                 	ST   Z,R27
                 	.ENDM
                 
                 	.MACRO __PUTD2SX
                 	MOVW R30,R28
                 	SUBI R30,LOW(-@0)
                 	SBCI R31,HIGH(-@0)
                 	ST   Z+,R26
                 	ST   Z+,R27
                 	ST   Z+,R24
                 	ST   Z,R25
                 	.ENDM
                 
                 	.MACRO __PUTBSRX
                 	MOVW R30,R28
                 	SUBI R30,LOW(-@1)
                 	SBCI R31,HIGH(-@1)
                 	ST   Z,R@0
                 	.ENDM
                 
                 	.MACRO __PUTWSRX
                 	MOVW R30,R28
                 	SUBI R30,LOW(-@2)
                 	SBCI R31,HIGH(-@2)
                 	ST   Z+,R@0
                 	ST   Z,R@1
                 	.ENDM
                 
                 	.MACRO __PUTB1SNX
                 	MOVW R26,R28
                 	SUBI R26,LOW(-@0)
                 	SBCI R27,HIGH(-@0)
                 	LD   R0,X+
                 	LD   R27,X
                 	MOV  R26,R0
                 	SUBI R26,LOW(-@1)
                 	SBCI R27,HIGH(-@1)
                 	ST   X,R30
                 	.ENDM
                 
                 	.MACRO __PUTW1SNX
                 	MOVW R26,R28
                 	SUBI R26,LOW(-@0)
                 	SBCI R27,HIGH(-@0)
                 	LD   R0,X+
                 	LD   R27,X
                 	MOV  R26,R0
                 	SUBI R26,LOW(-@1)
                 	SBCI R27,HIGH(-@1)
                 	ST   X+,R30
                 	ST   X,R31
                 	.ENDM
                 
                 	.MACRO __PUTD1SNX
                 	MOVW R26,R28
                 	SUBI R26,LOW(-@0)
                 	SBCI R27,HIGH(-@0)
                 	LD   R0,X+
                 	LD   R27,X
                 	MOV  R26,R0
                 	SUBI R26,LOW(-@1)
                 	SBCI R27,HIGH(-@1)
                 	ST   X+,R30
                 	ST   X+,R31
                 	ST   X+,R22
                 	ST   X,R23
                 	.ENDM
                 
                 	.MACRO __MULBRR
                 	MULS R@0,R@1
                 	MOVW R30,R0
                 	.ENDM
                 
                 	.MACRO __MULBRRU
                 	MUL  R@0,R@1
                 	MOVW R30,R0
                 	.ENDM
                 
                 	.MACRO __MULBRR0
                 	MULS R@0,R@1
                 	.ENDM
                 
                 	.MACRO __MULBRRU0
                 	MUL  R@0,R@1
                 	.ENDM
                 
                 	.MACRO __MULBNWRU
                 	LDI  R26,@2
                 	MUL  R26,R@0
                 	MOVW R30,R0
                 	MUL  R26,R@1
                 	ADD  R31,R0
                 	.ENDM
                 
                 ;NAME DEFINITIONS FOR GLOBAL VARIABLES ALLOCATED TO REGISTERS
                 	.DEF __lcd_x=R5
                 	.DEF __lcd_y=R4
                 	.DEF __lcd_maxx=R7
                 
                 	.CSEG
                 	.ORG 0x00
                 
                 ;START OF CODE MARKER
                 __START_OF_CODE:
                 
                 ;INTERRUPT VECTORS
000000 940c 003c 	JMP  __RESET
000002 940c 0000 	JMP  0x00
000004 940c 0000 	JMP  0x00
000006 940c 0000 	JMP  0x00
000008 940c 0000 	JMP  0x00
00000a 940c 0000 	JMP  0x00
00000c 940c 0000 	JMP  0x00
00000e 940c 0000 	JMP  0x00
000010 940c 0000 	JMP  0x00
000012 940c 0000 	JMP  0x00
000014 940c 0000 	JMP  0x00
000016 940c 0000 	JMP  0x00
000018 940c 0000 	JMP  0x00
00001a 940c 0000 	JMP  0x00
00001c 940c 0000 	JMP  0x00
00001e 940c 0000 	JMP  0x00
000020 940c 0000 	JMP  0x00
000022 940c 0000 	JMP  0x00
000024 940c 0000 	JMP  0x00
000026 940c 0000 	JMP  0x00
000028 940c 0000 	JMP  0x00
                 
                 _tbl10_G101:
00002a 2710
00002b 03e8
00002c 0064
00002d 000a      	.DB  0x10,0x27,0xE8,0x3,0x64,0x0,0xA,0x0
00002e 0001      	.DB  0x1,0x0
                 _tbl16_G101:
00002f 1000
000030 0100
000031 0010
000032 0001      	.DB  0x0,0x10,0x0,0x1,0x10,0x0,0x1,0x0
                 
                 _0x0:
000033 3d53
000034 6425
000035 2020
C:\Users\khalesih1\Desktop\linefollower\codevision\Debug\List\linefollower.asm(1128): warning: .cseg .db misalignment - padding zero byte
000036 0000      	.DB  0x53,0x3D,0x25,0x64,0x20,0x20,0x0
                 _0x2000003:
000037 c080      	.DB  0x80,0xC0
                 
                 __GLOBAL_INI_TBL:
000038 0002      	.DW  0x02
000039 017e      	.DW  __base_y_G100
00003a 006e      	.DW  _0x2000003*2
                 
                 _0xFFFFFFFF:
00003b 0000      	.DW  0
                 
                 #define __GLOBAL_INI_TBL_PRESENT 1
                 
                 __RESET:
00003c 94f8      	CLI
00003d 27ee      	CLR  R30
00003e bbec      	OUT  EECR,R30
                 
                 ;INTERRUPT VECTORS ARE PLACED
                 ;AT THE START OF FLASH
00003f e0f1      	LDI  R31,1
000040 bffb      	OUT  GICR,R31
000041 bfeb      	OUT  GICR,R30
000042 bfe5      	OUT  MCUCR,R30
                 
                 ;CLEAR R2-R14
000043 e08d      	LDI  R24,(14-2)+1
000044 e0a2      	LDI  R26,2
000045 27bb      	CLR  R27
                 __CLEAR_REG:
000046 93ed      	ST   X+,R30
000047 958a      	DEC  R24
000048 f7e9      	BRNE __CLEAR_REG
                 
                 ;CLEAR SRAM
000049 e080      	LDI  R24,LOW(__CLEAR_SRAM_SIZE)
00004a e094      	LDI  R25,HIGH(__CLEAR_SRAM_SIZE)
00004b e6a0      	LDI  R26,__SRAM_START
                 __CLEAR_SRAM:
00004c 93ed      	ST   X+,R30
00004d 9701      	SBIW R24,1
00004e f7e9      	BRNE __CLEAR_SRAM
                 
                 ;GLOBAL VARIABLES INITIALIZATION
00004f e7e0      	LDI  R30,LOW(__GLOBAL_INI_TBL*2)
000050 e0f0      	LDI  R31,HIGH(__GLOBAL_INI_TBL*2)
                 __GLOBAL_INI_NEXT:
000051 9185      	LPM  R24,Z+
000052 9195      	LPM  R25,Z+
000053 9700      	SBIW R24,0
000054 f061      	BREQ __GLOBAL_INI_END
000055 91a5      	LPM  R26,Z+
000056 91b5      	LPM  R27,Z+
000057 9005      	LPM  R0,Z+
000058 9015      	LPM  R1,Z+
000059 01bf      	MOVW R22,R30
00005a 01f0      	MOVW R30,R0
                 __GLOBAL_INI_LOOP:
00005b 9005      	LPM  R0,Z+
00005c 920d      	ST   X+,R0
00005d 9701      	SBIW R24,1
00005e f7e1      	BRNE __GLOBAL_INI_LOOP
00005f 01fb      	MOVW R30,R22
000060 cff0      	RJMP __GLOBAL_INI_NEXT
                 __GLOBAL_INI_END:
                 
                 ;HARDWARE STACK POINTER INITIALIZATION
000061 e5ef      	LDI  R30,LOW(__SRAM_END-__HEAP_SIZE)
000062 bfed      	OUT  SPL,R30
000063 e0e4      	LDI  R30,HIGH(__SRAM_END-__HEAP_SIZE)
000064 bfee      	OUT  SPH,R30
                 
                 ;DATA STACK POINTER INITIALIZATION
000065 e6c0      	LDI  R28,LOW(__SRAM_START+__DSTACK_SIZE)
000066 e0d1      	LDI  R29,HIGH(__SRAM_START+__DSTACK_SIZE)
                 
000067 940c 0076 	JMP  _main
                 
                 	.ESEG
                 	.ORG 0
                 
                 	.DSEG
                 	.ORG 0x160
                 
                 	.CSEG
                 ;/*******************************************************
                 ;This program was created by the
                 ;CodeWizardAVR V3.12 Advanced
                 ;Automatic Program Generator
                 ;© Copyright 1998-2014 Pavel Haiduc, HP InfoTech s.r.l.
                 ;http://www.hpinfotech.com
                 ;
                 ;Project :
                 ;Version :
                 ;Date    : 12/14/2021
                 ;Author  :
                 ;Company :
                 ;Comments:
                 ;
                 ;
                 ;Chip type               : ATmega16
                 ;Program type            : Application
                 ;AVR Core Clock frequency: 8.000000 MHz
                 ;Memory model            : Small
                 ;External RAM size       : 0
                 ;Data Stack size         : 256
                 ;*******************************************************/
                 ;
                 ;#include <mega16.h>
                 	#ifndef __SLEEP_DEFINED__
                 	#define __SLEEP_DEFINED__
                 	.EQU __se_bit=0x40
                 	.EQU __sm_mask=0xB0
                 	.EQU __sm_powerdown=0x20
                 	.EQU __sm_powersave=0x30
                 	.EQU __sm_standby=0xA0
                 	.EQU __sm_ext_standby=0xB0
                 	.EQU __sm_adc_noise_red=0x10
                 	.SET power_ctrl_reg=mcucr
                 	#endif
                 ;#include <delay.h>
                 ;#include <alcd.h>
                 ;#include <stdio.h>
                 ;
                 ;char str[30];
                 ;
                 ;#define ADC_VREF_TYPE ((0<<REFS1) | (0<<REFS0) |   (0<<ADLAR))
                 ;// Read the AD conversion result
                 ;unsigned int read_adc(unsigned char adc_input)
                 ; 0000 0022 {
                 
                 	.CSEG
                 _read_adc:
                 ; .FSTART _read_adc
                 ; 0000 0023 ADMUX=adc_input | ADC_VREF_TYPE;
000069 93aa      	ST   -Y,R26
                 ;	adc_input -> Y+0
00006a 81e8      	LD   R30,Y
00006b b9e7      	OUT  0x7,R30
                 ; 0000 0024 // Delay needed for the stabilization of the ADC input voltage
                 ; 0000 0025 delay_us(10);
                +
00006c e18b     +LDI R24 , LOW ( 27 )
                +__DELAY_USB_LOOP :
00006d 958a     +DEC R24
00006e f7f1     +BRNE __DELAY_USB_LOOP
                 	__DELAY_USB 27
                 ; 0000 0026 // Start the AD conversion
                 ; 0000 0027 ADCSRA|=(1<<ADSC);
00006f 9a36      	SBI  0x6,6
                 ; 0000 0028 // Wait for the AD conversion to complete
                 ; 0000 0029 while ((ADCSRA & (1<<ADIF))==0);
                 _0x3:
000070 9b34      	SBIS 0x6,4
000071 cffe      	RJMP _0x3
                 ; 0000 002A ADCSRA|=(1<<ADIF);
000072 9a34      	SBI  0x6,4
                 ; 0000 002B return ADCW;
000073 b1e4      	IN   R30,0x4
000074 b1f5      	IN   R31,0x4+1
000075 c156      	RJMP _0x2080002
                 ; 0000 002C }
                 ; .FEND
                 ;void main(void)
                 ; 0000 002E {
                 _main:
                 ; .FSTART _main
                 ; 0000 002F // Declare your local variables here
                 ; 0000 0030  int S=0;
                 ; 0000 0031 // Input/Output Ports initialization
                 ; 0000 0032 // Port A initialization
                 ; 0000 0033 // Function: Bit7=In Bit6=In Bit5=In Bit4=In Bit3=In Bit2=In Bit1=In Bit0=In
                 ; 0000 0034 DDRA=(0<<DDA7) | (0<<DDA6) | (0<<DDA5) | (0<<DDA4) | (0<<DDA3) | (0<<DDA2) | (0<<DDA1) | (0<<DDA0);
                 ;	S -> R16,R17
                +
000076 e000     +LDI R16 , LOW ( 0 )
000077 e010     +LDI R17 , HIGH ( 0 )
                 	__GETWRN 16,17,0
000078 e0e0      	LDI  R30,LOW(0)
000079 bbea      	OUT  0x1A,R30
                 ; 0000 0035 // State: Bit7=T Bit6=T Bit5=T Bit4=T Bit3=T Bit2=T Bit1=T Bit0=T
                 ; 0000 0036 PORTA=(0<<PORTA7) | (0<<PORTA6) | (0<<PORTA5) |   (0<<PORTA4) | (0<<PORTA3) | (0<<PORTA2) | (0<<PORTA1) | (0<<PORTA0);
00007a bbeb      	OUT  0x1B,R30
                 ; 0000 0037 // Port B initialization
                 ; 0000 0038 // Function: Bit7=In Bit6=In Bit5=In Bit4=In Bit3=In Bit2=In Bit1=In       Bit0=In
                 ; 0000 0039 DDRB=(0<<DDB7) | (0<<DDB6) | (0<<DDB5) | (0<<DDB4) | (0<<DDB3) | (0<<DDB2) | (0<<DDB1) | (0<<DDB0);
00007b bbe7      	OUT  0x17,R30
                 ; 0000 003A // State: Bit7=T Bit6=T Bit5=T Bit4=T Bit3=T Bit2=T Bit1=T Bit0=T
                 ; 0000 003B PORTB=(0<<PORTB7) | (0<<PORTB6) | (0<<PORTB5) |   (0<<PORTB4) | (0<<PORTB3) | (0<<PORTB2) |   (0<<PORTB1) | (0<<PORTB0);
00007c bbe8      	OUT  0x18,R30
                 ; 0000 003C // Port C initialization
                 ; 0000 003D // Function: Bit7=In Bit6=In Bit5=In Bit4=In Bit3=In Bit2=In Bit1=In Bit0=In
                 ; 0000 003E DDRC=(0<<DDC7) | (0<<DDC6) | (0<<DDC5) | (0<<DDC4) | (0<<DDC3) | (0<<DDC2) | (0<<DDC1) | (0<<DDC0);
00007d bbe4      	OUT  0x14,R30
                 ; 0000 003F // State: Bit7=T Bit6=T Bit5=T Bit4=T Bit3=T Bit2=T Bit1=T Bit0=T
                 ; 0000 0040 PORTC=(0<<PORTC7) | (0<<PORTC6) | (0<<PORTC5) |  (0<<PORTC4) | (0<<PORTC3) | (0<<PORTC2) |   (0<<PORTC1) | (0<<PORTC0);
00007e bbe5      	OUT  0x15,R30
                 ; 0000 0041 // Port D initialization
                 ; 0000 0042 // Function: Bit7=Out Bit6=Out Bit5=Out Bit4=Out Bit3=Out   Bit2=Out Bit1=Out Bit0=Out
                 ; 0000 0043 DDRD=(1<<DDD7) | (1<<DDD6) | (1<<DDD5) | (1<<DDD4) | (1<<DDD3) | (1<<DDD2) | (1<<DDD1) | (1<<DDD0);
00007f efef      	LDI  R30,LOW(255)
000080 bbe1      	OUT  0x11,R30
                 ; 0000 0044 // State: Bit7=0 Bit6=0 Bit5=0 Bit4=0 Bit3=0 Bit2=0 Bit1=0 Bit0=0
                 ; 0000 0045 PORTD=(0<<PORTD7) | (0<<PORTD6) | (0<<PORTD5) | (0<<PORTD4) | (0<<PORTD3) | (0<<PORTD2) |   (0<<PORTD1) | (0<<PORTD0);
000081 e0e0      	LDI  R30,LOW(0)
000082 bbe2      	OUT  0x12,R30
                 ; 0000 0046 // Timer/Counter 0 initialization
                 ; 0000 0047 // Clock source: System Clock
                 ; 0000 0048 // Clock value: Timer 0 Stopped
                 ; 0000 0049 // Mode: Normal top=0xFF
                 ; 0000 004A // OC0 output: Disconnected
                 ; 0000 004B TCCR0=(0<<WGM00) | (0<<COM01) | (0<<COM00) | (0<<WGM01) | (0<<CS02) | (0<<CS01) | (0<<CS00);
000083 bfe3      	OUT  0x33,R30
                 ; 0000 004C TCNT0=0x00;
000084 bfe2      	OUT  0x32,R30
                 ; 0000 004D OCR0=0x00;
000085 bfec      	OUT  0x3C,R30
                 ; 0000 004E // Timer/Counter 1 initialization
                 ; 0000 004F // Clock source: System Clock
                 ; 0000 0050 // Clock value: 125.000 kHz
                 ; 0000 0051 // Mode: Fast PWM top=0x00FF
                 ; 0000 0052 // OC1A output: Non-Inverted PWM
                 ; 0000 0053 // OC1B output: Non-Inverted PWM
                 ; 0000 0054 // Noise Canceler: Off
                 ; 0000 0055 // Input Capture on Falling Edge
                 ; 0000 0056 // Timer Period: 2.048 ms
                 ; 0000 0057 // Output Pulse(s):
                 ; 0000 0058 // OC1A Period: 2.048 ms Width: 0 us
                 ; 0000 0059 // OC1B Period: 2.048 ms Width: 0 us
                 ; 0000 005A // Timer1 Overflow Interrupt: Off
                 ; 0000 005B // Input Capture Interrupt: Off
                 ; 0000 005C // Compare A Match Interrupt: Off
                 ; 0000 005D // Compare B Match Interrupt: Off
                 ; 0000 005E TCCR1A=(1<<COM1A1) | (0<<COM1A0) | (1<<COM1B1) | (0<<COM1B0) | (0<<WGM11) | (1<<WGM10);
000086 eae1      	LDI  R30,LOW(161)
000087 bdef      	OUT  0x2F,R30
                 ; 0000 005F TCCR1B=(0<<ICNC1) | (0<<ICES1) | (0<<WGM13) | (1<<WGM12)  | (0<<CS12) | (1<<CS11) | (1<<CS10);
000088 e0eb      	LDI  R30,LOW(11)
000089 bdee      	OUT  0x2E,R30
                 ; 0000 0060 TCNT1H=0x00;
00008a e0e0      	LDI  R30,LOW(0)
00008b bded      	OUT  0x2D,R30
                 ; 0000 0061 TCNT1L=0x00;
00008c bdec      	OUT  0x2C,R30
                 ; 0000 0062 ICR1H=0x00;
00008d bde7      	OUT  0x27,R30
                 ; 0000 0063 ICR1L=0x00;
00008e bde6      	OUT  0x26,R30
                 ; 0000 0064 OCR1AH=0x00;
00008f bdeb      	OUT  0x2B,R30
                 ; 0000 0065 OCR1AL=0x00;
000090 bdea      	OUT  0x2A,R30
                 ; 0000 0066 OCR1BH=0x00;
000091 bde9      	OUT  0x29,R30
                 ; 0000 0067 OCR1BL=0x00;
000092 bde8      	OUT  0x28,R30
                 ; 0000 0068 // Timer/Counter 2 initialization
                 ; 0000 0069 // Clock source: System Clock
                 ; 0000 006A // Clock value: Timer2 Stopped
                 ; 0000 006B // Mode: Normal top=0xFF
                 ; 0000 006C // OC2 output: Disconnected
                 ; 0000 006D ASSR=0<<AS2;
000093 bde2      	OUT  0x22,R30
                 ; 0000 006E TCCR2=(0<<PWM2) | (0<<COM21) | (0<<COM20) | (0<<CTC2) |   (0<<CS22) | (0<<CS21) | (0<<CS20);
000094 bde5      	OUT  0x25,R30
                 ; 0000 006F TCNT2=0x00;
000095 bde4      	OUT  0x24,R30
                 ; 0000 0070 OCR2=0x00;
000096 bde3      	OUT  0x23,R30
                 ; 0000 0071 // Timer(s)/Counter(s) Interrupt(s) initialization
                 ; 0000 0072 
                 ; 0000 0073 TIMSK=(0<<OCIE2) | (0<<TOIE2) | (0<<TICIE1) | (0<<OCIE1A) |  (0<<OCIE1B) | (0<<TOIE1) | (0<<OCIE0) | (0<<TOIE0);
000097 bfe9      	OUT  0x39,R30
                 ; 0000 0074 // External Interrupt(s) initialization
                 ; 0000 0075 // INT0: Off
                 ; 0000 0076 // INT1: Off
                 ; 0000 0077 // INT2: Off
                 ; 0000 0078 MCUCR=(0<<ISC11) | (0<<ISC10) | (0<<ISC01) | (0<<ISC00);
000098 bfe5      	OUT  0x35,R30
                 ; 0000 0079 MCUCSR=(0<<ISC2);
000099 bfe4      	OUT  0x34,R30
                 ; 0000 007A // USART initialization
                 ; 0000 007B // USART disabled
                 ; 0000 007C UCSRB=(0<<RXCIE) | (0<<TXCIE) | (0<<UDRIE) | (0<<RXEN) | (0<<TXEN) | (0<<UCSZ2) | (0<<RXB8) | (0<<TXB8);
00009a b9ea      	OUT  0xA,R30
                 ; 0000 007D // Analog Comparator initialization
                 ; 0000 007E // Analog Comparator: Off
                 ; 0000 007F // The Analog Comparator's positive input is
                 ; 0000 0080 // connected to the AIN0 pin
                 ; 0000 0081 // The Analog Comparator's negative input is
                 ; 0000 0082 // connected to the AIN1 pin
                 ; 0000 0083 ACSR=(1<<ACD) | (0<<ACBG) | (0<<ACO) | (0<<ACI) | (0<<ACIE) | (0<<ACIC) | (0<<ACIS1) | (0<<ACIS0);
00009b e8e0      	LDI  R30,LOW(128)
00009c b9e8      	OUT  0x8,R30
                 ; 0000 0084 // ADC initialization
                 ; 0000 0085 // ADC Clock frequency: 125.000 kHz
                 ; 0000 0086 // ADC Voltage Reference: AREF pin
                 ; 0000 0087 // ADC Auto Trigger Source: ADC Stopped
                 ; 0000 0088 ADMUX=ADC_VREF_TYPE;
00009d e0e0      	LDI  R30,LOW(0)
00009e b9e7      	OUT  0x7,R30
                 ; 0000 0089 ADCSRA=(1<<ADEN) | (0<<ADSC) | (0<<ADATE) | (0<<ADIF) | (0<<ADIE) | (1<<ADPS2) | (1<<ADPS1) | (0<<ADPS0);
00009f e8e6      	LDI  R30,LOW(134)
0000a0 b9e6      	OUT  0x6,R30
                 ; 0000 008A SFIOR=(0<<ADTS2) | (0<<ADTS1) | (0<<ADTS0);
0000a1 e0e0      	LDI  R30,LOW(0)
0000a2 bfe0      	OUT  0x30,R30
                 ; 0000 008B // SPI initialization
                 ; 0000 008C // SPI disabled
                 ; 0000 008D SPCR=(0<<SPIE) | (0<<SPE) | (0<<DORD) | (0<<MSTR) |   (0<<CPOL) | (0<<CPHA) | (0<<SPR1) | (0<<SPR0);
0000a3 b9ed      	OUT  0xD,R30
                 ; 0000 008E 
                 ; 0000 008F // TWI initialization
                 ; 0000 0090 // TWI disabled
                 ; 0000 0091 TWCR=(0<<TWEA) | (0<<TWSTA) | (0<<TWSTO) | (0<<TWEN) | (0<<TWIE);
0000a4 bfe6      	OUT  0x36,R30
                 ; 0000 0092  PORTD.0=1;
0000a5 940e 038f 	CALL SUBOPT_0x0
                 ; 0000 0093  PORTD.1=0;
                 ; 0000 0094  PORTD.2=0;
                 ; 0000 0095  PORTD.3=1;
                 ; 0000 0096  OCR1AL=0;
0000a7 e0e0      	LDI  R30,LOW(0)
0000a8 bdea      	OUT  0x2A,R30
                 ; 0000 0097  OCR1BL=0;
0000a9 bde8      	OUT  0x28,R30
                 ; 0000 0098  lcd_init(16);
0000aa e1a0      	LDI  R26,LOW(16)
0000ab d0f4      	RCALL _lcd_init
                 ; 0000 0099 while (1)
                 _0xE:
                 ; 0000 009A  {
                 ; 0000 009B  // Place your code here
                 ; 0000 009C  lcd_gotoxy(0,0);
0000ac e0e0      	LDI  R30,LOW(0)
0000ad 93ea      	ST   -Y,R30
0000ae e0a0      	LDI  R26,LOW(0)
0000af d0b1      	RCALL _lcd_gotoxy
                 ; 0000 009D 
                 ; 0000 009E  S=0;
                +
0000b0 e000     +LDI R16 , LOW ( 0 )
0000b1 e010     +LDI R17 , HIGH ( 0 )
                 	__GETWRN 16,17,0
                 ; 0000 009F  if(read_adc(6)>500)S+=1;
0000b2 e0a6      	LDI  R26,LOW(6)
0000b3 940e 0394 	CALL SUBOPT_0x1
0000b5 f010      	BRLO _0x11
                +
0000b6 5f0f     +SUBI R16 , LOW ( - 1 )
0000b7 4f1f     +SBCI R17 , HIGH ( - 1 )
                 	__ADDWRN 16,17,1
                 ; 0000 00A0  if(read_adc(5)>500)S+=2;
                 _0x11:
0000b8 e0a5      	LDI  R26,LOW(5)
0000b9 940e 0394 	CALL SUBOPT_0x1
0000bb f010      	BRLO _0x12
                +
0000bc 5f0e     +SUBI R16 , LOW ( - 2 )
0000bd 4f1f     +SBCI R17 , HIGH ( - 2 )
                 	__ADDWRN 16,17,2
                 ; 0000 00A1  if(read_adc(4)>500)S+=4;
                 _0x12:
0000be e0a4      	LDI  R26,LOW(4)
0000bf 940e 0394 	CALL SUBOPT_0x1
0000c1 f010      	BRLO _0x13
                +
0000c2 5f0c     +SUBI R16 , LOW ( - 4 )
0000c3 4f1f     +SBCI R17 , HIGH ( - 4 )
                 	__ADDWRN 16,17,4
                 ; 0000 00A2  if(read_adc(3)>500)S+=8;
                 _0x13:
0000c4 e0a3      	LDI  R26,LOW(3)
0000c5 940e 0394 	CALL SUBOPT_0x1
0000c7 f010      	BRLO _0x14
                +
0000c8 5f08     +SUBI R16 , LOW ( - 8 )
0000c9 4f1f     +SBCI R17 , HIGH ( - 8 )
                 	__ADDWRN 16,17,8
                 ; 0000 00A3  if(read_adc(2)>600)S+=16;
                 _0x14:
0000ca e0a2      	LDI  R26,LOW(2)
0000cb df9d      	RCALL _read_adc
0000cc 35e9      	CPI  R30,LOW(0x259)
0000cd e0a2      	LDI  R26,HIGH(0x259)
0000ce 07fa      	CPC  R31,R26
0000cf f010      	BRLO _0x15
                +
0000d0 5f00     +SUBI R16 , LOW ( - 16 )
0000d1 4f1f     +SBCI R17 , HIGH ( - 16 )
                 	__ADDWRN 16,17,16
                 ; 0000 00A4  if(read_adc(0)>700)S+=32;
                 _0x15:
0000d2 e0a0      	LDI  R26,LOW(0)
0000d3 df95      	RCALL _read_adc
0000d4 3bed      	CPI  R30,LOW(0x2BD)
0000d5 e0a2      	LDI  R26,HIGH(0x2BD)
0000d6 07fa      	CPC  R31,R26
0000d7 f010      	BRLO _0x16
                +
0000d8 5e00     +SUBI R16 , LOW ( - 32 )
0000d9 4f1f     +SBCI R17 , HIGH ( - 32 )
                 	__ADDWRN 16,17,32
                 ; 0000 00A5  if(read_adc(1)>500)S+=64;
                 _0x16:
0000da e0a1      	LDI  R26,LOW(1)
0000db 940e 0394 	CALL SUBOPT_0x1
0000dd f010      	BRLO _0x17
                +
0000de 5c00     +SUBI R16 , LOW ( - 64 )
0000df 4f1f     +SBCI R17 , HIGH ( - 64 )
                 	__ADDWRN 16,17,64
                 ; 0000 00A6  sprintf(str,"S=%d  ",S);
                 _0x17:
0000e0 e6e0      	LDI  R30,LOW(_str)
0000e1 e0f1      	LDI  R31,HIGH(_str)
0000e2 93fa      	ST   -Y,R31
0000e3 93ea      	ST   -Y,R30
                +
0000e4 e6e6     +LDI R30 , LOW ( 2 * _0x0 + ( 0 ) )
0000e5 e0f0     +LDI R31 , HIGH ( 2 * _0x0 + ( 0 ) )
                 	__POINTW1FN _0x0,0
0000e6 93fa      	ST   -Y,R31
0000e7 93ea      	ST   -Y,R30
0000e8 01f8      	MOVW R30,R16
0000e9 940e 03ea 	CALL __CWD1
0000eb 940e 03f7 	CALL __PUTPARD1
0000ed e084      	LDI  R24,4
0000ee 940e 0342 	CALL _sprintf
0000f0 9628      	ADIW R28,8
                 ; 0000 00A7  lcd_puts(str);
0000f1 e6a0      	LDI  R26,LOW(_str)
0000f2 e0b1      	LDI  R27,HIGH(_str)
0000f3 d09b      	RCALL _lcd_puts
                 ; 0000 00A8 
                 ; 0000 00A9  switch(S){
0000f4 01f8      	MOVW R30,R16
                 ; 0000 00AA  case 0b0001000:
0000f5 30e8      	CPI  R30,LOW(0x8)
0000f6 e0a0      	LDI  R26,HIGH(0x8)
0000f7 07fa      	CPC  R31,R26
0000f8 f429      	BRNE _0x1B
                 ; 0000 00AB  PORTD.0=1;
0000f9 940e 038f 	CALL SUBOPT_0x0
                 ; 0000 00AC  PORTD.1=0;
                 ; 0000 00AD  PORTD.2=0;
                 ; 0000 00AE  PORTD.3=1;
                 ; 0000 00AF  OCR1AL=125;
0000fb 940e 039a 	CALL SUBOPT_0x2
                 ; 0000 00B0  OCR1BL=125;
                 ; 0000 00B1  break;
0000fd c041      	RJMP _0x1A
                 ; 0000 00B2 
                 ; 0000 00B3  case 0b0000100:
                 _0x1B:
0000fe 30e4      	CPI  R30,LOW(0x4)
0000ff e0a0      	LDI  R26,HIGH(0x4)
000100 07fa      	CPC  R31,R26
000101 f439      	BRNE _0x24
                 ; 0000 00B4  PORTD.0=1;
000102 940e 038f 	CALL SUBOPT_0x0
                 ; 0000 00B5  PORTD.1=0;
                 ; 0000 00B6  PORTD.2=0;
                 ; 0000 00B7  PORTD.3=1;
                 ; 0000 00B8  OCR1AL=80;
000104 e5e0      	LDI  R30,LOW(80)
000105 bdea      	OUT  0x2A,R30
                 ; 0000 00B9  OCR1BL=125;
000106 e7ed      	LDI  R30,LOW(125)
000107 bde8      	OUT  0x28,R30
                 ; 0000 00BA  break;
000108 c036      	RJMP _0x1A
                 ; 0000 00BB 
                 ; 0000 00BC  case 0b0000010:
                 _0x24:
000109 30e2      	CPI  R30,LOW(0x2)
00010a e0a0      	LDI  R26,HIGH(0x2)
00010b 07fa      	CPC  R31,R26
00010c f439      	BRNE _0x2D
                 ; 0000 00BD  PORTD.0=1;
00010d 940e 038f 	CALL SUBOPT_0x0
                 ; 0000 00BE  PORTD.1=0;
                 ; 0000 00BF  PORTD.2=0;
                 ; 0000 00C0  PORTD.3=1;
                 ; 0000 00C1  OCR1AL=45;
00010f e2ed      	LDI  R30,LOW(45)
000110 bdea      	OUT  0x2A,R30
                 ; 0000 00C2  OCR1BL=125;
000111 e7ed      	LDI  R30,LOW(125)
000112 bde8      	OUT  0x28,R30
                 ; 0000 00C3  break;
000113 c02b      	RJMP _0x1A
                 ; 0000 00C4 
                 ; 0000 00C5  case 0b0000001:
                 _0x2D:
000114 30e1      	CPI  R30,LOW(0x1)
000115 e0a0      	LDI  R26,HIGH(0x1)
000116 07fa      	CPC  R31,R26
000117 f439      	BRNE _0x36
                 ; 0000 00C6  PORTD.0=1;
000118 9a90      	SBI  0x12,0
                 ; 0000 00C7  PORTD.1=0;
000119 9891      	CBI  0x12,1
                 ; 0000 00C8  PORTD.2=1;
00011a 9a92      	SBI  0x12,2
                 ; 0000 00C9  PORTD.3=0;
00011b 9893      	CBI  0x12,3
                 ; 0000 00CA  OCR1AL=125;
00011c 940e 039a 	CALL SUBOPT_0x2
                 ; 0000 00CB  OCR1BL=125;
                 ; 0000 00CC  break;
00011e c020      	RJMP _0x1A
                 ; 0000 00CD 
                 ; 0000 00CE  case 0b0010000:
                 _0x36:
00011f 31e0      	CPI  R30,LOW(0x10)
000120 e0a0      	LDI  R26,HIGH(0x10)
000121 07fa      	CPC  R31,R26
000122 f439      	BRNE _0x3F
                 ; 0000 00CF  PORTD.0=1;
000123 940e 038f 	CALL SUBOPT_0x0
                 ; 0000 00D0  PORTD.1=0;
                 ; 0000 00D1  PORTD.2=0;
                 ; 0000 00D2  PORTD.3=1;
                 ; 0000 00D3  OCR1AL=125;
000125 e7ed      	LDI  R30,LOW(125)
000126 bdea      	OUT  0x2A,R30
                 ; 0000 00D4  OCR1BL=80;
000127 e5e0      	LDI  R30,LOW(80)
000128 bde8      	OUT  0x28,R30
                 ; 0000 00D5  break;
000129 c015      	RJMP _0x1A
                 ; 0000 00D6 
                 ; 0000 00D7  case 0b0100000:
                 _0x3F:
00012a 32e0      	CPI  R30,LOW(0x20)
00012b e0a0      	LDI  R26,HIGH(0x20)
00012c 07fa      	CPC  R31,R26
00012d f439      	BRNE _0x48
                 ; 0000 00D8  PORTD.0=1;
00012e 940e 038f 	CALL SUBOPT_0x0
                 ; 0000 00D9  PORTD.1=0;
                 ; 0000 00DA  PORTD.2=0;
                 ; 0000 00DB  PORTD.3=1;
                 ; 0000 00DC  OCR1AL=125;
000130 e7ed      	LDI  R30,LOW(125)
000131 bdea      	OUT  0x2A,R30
                 ; 0000 00DD  OCR1BL=45;
000132 e2ed      	LDI  R30,LOW(45)
000133 bde8      	OUT  0x28,R30
                 ; 0000 00DE  break;
000134 c00a      	RJMP _0x1A
                 ; 0000 00DF 
                 ; 0000 00E0  case 0b1000000:
                 _0x48:
000135 34e0      	CPI  R30,LOW(0x40)
000136 e0a0      	LDI  R26,HIGH(0x40)
000137 07fa      	CPC  R31,R26
000138 f431      	BRNE _0x5A
                 ; 0000 00E1  PORTD.0=0;
000139 9890      	CBI  0x12,0
                 ; 0000 00E2  PORTD.1=1;
00013a 9a91      	SBI  0x12,1
                 ; 0000 00E3  PORTD.2=0;
00013b 9892      	CBI  0x12,2
                 ; 0000 00E4  PORTD.3=1;
00013c 9a93      	SBI  0x12,3
                 ; 0000 00E5  OCR1AL=125;
00013d 940e 039a 	CALL SUBOPT_0x2
                 ; 0000 00E6  OCR1BL=125;
                 ; 0000 00E7  break;
                 ; 0000 00E8 
                 ; 0000 00E9  default :
                 _0x5A:
                 ; 0000 00EA  break;
                 ; 0000 00EB  }
                 _0x1A:
                 ; 0000 00EC  }
00013f cf6c      	RJMP _0xE
                 ; 0000 00ED }
                 _0x5B:
000140 cfff      	RJMP _0x5B
                 ; .FEND
                 	#ifndef __SLEEP_DEFINED__
                 	#endif
                 
                 	.DSEG
                 
                 	.CSEG
                 __lcd_write_nibble_G100:
                 ; .FSTART __lcd_write_nibble_G100
000141 93aa      	ST   -Y,R26
000142 b3e5      	IN   R30,0x15
000143 70ef      	ANDI R30,LOW(0xF)
000144 2fae      	MOV  R26,R30
000145 81e8      	LD   R30,Y
000146 7fe0      	ANDI R30,LOW(0xF0)
000147 2bea      	OR   R30,R26
000148 bbe5      	OUT  0x15,R30
                +
000149 e08d     +LDI R24 , LOW ( 13 )
                +__DELAY_USB_LOOP :
00014a 958a     +DEC R24
00014b f7f1     +BRNE __DELAY_USB_LOOP
                 	__DELAY_USB 13
00014c 9aaa      	SBI  0x15,2
                +
00014d e08d     +LDI R24 , LOW ( 13 )
                +__DELAY_USB_LOOP :
00014e 958a     +DEC R24
00014f f7f1     +BRNE __DELAY_USB_LOOP
                 	__DELAY_USB 13
000150 98aa      	CBI  0x15,2
                +
000151 e08d     +LDI R24 , LOW ( 13 )
                +__DELAY_USB_LOOP :
000152 958a     +DEC R24
000153 f7f1     +BRNE __DELAY_USB_LOOP
                 	__DELAY_USB 13
000154 c077      	RJMP _0x2080002
                 ; .FEND
                 __lcd_write_data:
                 ; .FSTART __lcd_write_data
000155 93aa      	ST   -Y,R26
000156 81a8      	LD   R26,Y
000157 dfe9      	RCALL __lcd_write_nibble_G100
000158 81e8          ld    r30,y
000159 95e2          swap  r30
00015a 83e8          st    y,r30
00015b 81a8      	LD   R26,Y
00015c dfe4      	RCALL __lcd_write_nibble_G100
                +
00015d e885     +LDI R24 , LOW ( 133 )
                +__DELAY_USB_LOOP :
00015e 958a     +DEC R24
00015f f7f1     +BRNE __DELAY_USB_LOOP
                 	__DELAY_USB 133
000160 c06b      	RJMP _0x2080002
                 ; .FEND
                 _lcd_gotoxy:
                 ; .FSTART _lcd_gotoxy
000161 93aa      	ST   -Y,R26
000162 81e8      	LD   R30,Y
000163 e0f0      	LDI  R31,0
000164 58e2      	SUBI R30,LOW(-__base_y_G100)
000165 4ffe      	SBCI R31,HIGH(-__base_y_G100)
000166 81e0      	LD   R30,Z
000167 81a9      	LDD  R26,Y+1
000168 0fae      	ADD  R26,R30
000169 dfeb      	RCALL __lcd_write_data
00016a 8059      	LDD  R5,Y+1
00016b 8048      	LDD  R4,Y+0
00016c 9622      	ADIW R28,2
00016d 9508      	RET
                 ; .FEND
                 _lcd_clear:
                 ; .FSTART _lcd_clear
00016e e0a2      	LDI  R26,LOW(2)
00016f 940e 039e 	CALL SUBOPT_0x3
000171 e0ac      	LDI  R26,LOW(12)
000172 dfe2      	RCALL __lcd_write_data
000173 e0a1      	LDI  R26,LOW(1)
000174 940e 039e 	CALL SUBOPT_0x3
000176 e0e0      	LDI  R30,LOW(0)
000177 2e4e      	MOV  R4,R30
000178 2e5e      	MOV  R5,R30
000179 9508      	RET
                 ; .FEND
                 _lcd_putchar:
                 ; .FSTART _lcd_putchar
00017a 93aa      	ST   -Y,R26
00017b 81a8      	LD   R26,Y
00017c 30aa      	CPI  R26,LOW(0xA)
00017d f011      	BREQ _0x2000005
00017e 1457      	CP   R5,R7
00017f f048      	BRLO _0x2000004
                 _0x2000005:
000180 e0e0      	LDI  R30,LOW(0)
000181 93ea      	ST   -Y,R30
000182 9443      	INC  R4
000183 2da4      	MOV  R26,R4
000184 dfdc      	RCALL _lcd_gotoxy
000185 81a8      	LD   R26,Y
000186 30aa      	CPI  R26,LOW(0xA)
000187 f409      	BRNE _0x2000007
000188 c043      	RJMP _0x2080002
                 _0x2000007:
                 _0x2000004:
000189 9453      	INC  R5
00018a 9aa8      	SBI  0x15,0
00018b 81a8      	LD   R26,Y
00018c dfc8      	RCALL __lcd_write_data
00018d 98a8      	CBI  0x15,0
00018e c03d      	RJMP _0x2080002
                 ; .FEND
                 _lcd_puts:
                 ; .FSTART _lcd_puts
00018f 93ba      	ST   -Y,R27
000190 93aa      	ST   -Y,R26
000191 931a      	ST   -Y,R17
                 _0x2000008:
000192 81a9      	LDD  R26,Y+1
000193 81ba      	LDD  R27,Y+1+1
000194 91ed      	LD   R30,X+
000195 83a9      	STD  Y+1,R26
000196 83ba      	STD  Y+1+1,R27
000197 2f1e      	MOV  R17,R30
000198 30e0      	CPI  R30,0
000199 f019      	BREQ _0x200000A
00019a 2fa1      	MOV  R26,R17
00019b dfde      	RCALL _lcd_putchar
00019c cff5      	RJMP _0x2000008
                 _0x200000A:
00019d 8118      	LDD  R17,Y+0
00019e 9623      	ADIW R28,3
00019f 9508      	RET
                 ; .FEND
                 _lcd_init:
                 ; .FSTART _lcd_init
0001a0 93aa      	ST   -Y,R26
0001a1 b3e4      	IN   R30,0x14
0001a2 6fe0      	ORI  R30,LOW(0xF0)
0001a3 bbe4      	OUT  0x14,R30
0001a4 9aa2      	SBI  0x14,2
0001a5 9aa0      	SBI  0x14,0
0001a6 9aa1      	SBI  0x14,1
0001a7 98aa      	CBI  0x15,2
0001a8 98a8      	CBI  0x15,0
0001a9 98a9      	CBI  0x15,1
0001aa 8078      	LDD  R7,Y+0
0001ab 81e8      	LD   R30,Y
0001ac 58e0      	SUBI R30,-LOW(128)
                +
0001ad 93e0 0180+STS __base_y_G100 + ( 2 ) , R30
                 	__PUTB1MN __base_y_G100,2
0001af 81e8      	LD   R30,Y
0001b0 54e0      	SUBI R30,-LOW(192)
                +
0001b1 93e0 0181+STS __base_y_G100 + ( 3 ) , R30
                 	__PUTB1MN __base_y_G100,3
0001b3 e1a4      	LDI  R26,LOW(20)
0001b4 e0b0      	LDI  R27,0
0001b5 940e 03d8 	CALL _delay_ms
0001b7 940e 03a4 	CALL SUBOPT_0x4
0001b9 940e 03a4 	CALL SUBOPT_0x4
0001bb 940e 03a4 	CALL SUBOPT_0x4
0001bd e2a0      	LDI  R26,LOW(32)
0001be df82      	RCALL __lcd_write_nibble_G100
                +
0001bf ec88     +LDI R24 , LOW ( 200 )
0001c0 e090     +LDI R25 , HIGH ( 200 )
                +__DELAY_USW_LOOP :
0001c1 9701     +SBIW R24 , 1
0001c2 f7f1     +BRNE __DELAY_USW_LOOP
                 	__DELAY_USW 200
0001c3 e2a8      	LDI  R26,LOW(40)
0001c4 df90      	RCALL __lcd_write_data
0001c5 e0a4      	LDI  R26,LOW(4)
0001c6 df8e      	RCALL __lcd_write_data
0001c7 e8a5      	LDI  R26,LOW(133)
0001c8 df8c      	RCALL __lcd_write_data
0001c9 e0a6      	LDI  R26,LOW(6)
0001ca df8a      	RCALL __lcd_write_data
0001cb dfa2      	RCALL _lcd_clear
                 _0x2080002:
0001cc 9621      	ADIW R28,1
0001cd 9508      	RET
                 ; .FEND
                 	#ifndef __SLEEP_DEFINED__
                 	#endif
                 
                 	.CSEG
                 _put_buff_G101:
                 ; .FSTART _put_buff_G101
0001ce 93ba      	ST   -Y,R27
0001cf 93aa      	ST   -Y,R26
0001d0 931a      	ST   -Y,R17
0001d1 930a      	ST   -Y,R16
0001d2 81aa      	LDD  R26,Y+2
0001d3 81bb      	LDD  R27,Y+2+1
0001d4 9612      	ADIW R26,2
0001d5 940e 03ef 	CALL __GETW1P
0001d7 9730      	SBIW R30,0
0001d8 f159      	BREQ _0x2020010
0001d9 81aa      	LDD  R26,Y+2
0001da 81bb      	LDD  R27,Y+2+1
0001db 9614      	ADIW R26,4
0001dc 940e 03ef 	CALL __GETW1P
0001de 018f      	MOVW R16,R30
0001df 9730      	SBIW R30,0
0001e0 f061      	BREQ _0x2020012
                +
0001e1 3002     +CPI R16 , LOW ( 2 )
0001e2 e0e0     +LDI R30 , HIGH ( 2 )
0001e3 071e     +CPC R17 , R30
                 	__CPWRN 16,17,2
0001e4 f098      	BRLO _0x2020013
0001e5 01f8      	MOVW R30,R16
0001e6 9731      	SBIW R30,1
0001e7 018f      	MOVW R16,R30
                +
0001e8 81aa     +LDD R26 , Y + 2
0001e9 81bb     +LDD R27 , Y + 2 + 1
0001ea 9614     +ADIW R26 , 4
0001eb 93ed     +ST X + , R30
0001ec 93fc     +ST X , R31
                 	__PUTW1SNS 2,4
                 _0x2020012:
0001ed 81aa      	LDD  R26,Y+2
0001ee 81bb      	LDD  R27,Y+2+1
0001ef 9612      	ADIW R26,2
0001f0 91ed      	LD   R30,X+
0001f1 91fd      	LD   R31,X+
0001f2 9631      	ADIW R30,1
0001f3 93fe      	ST   -X,R31
0001f4 93ee      	ST   -X,R30
0001f5 9731      	SBIW R30,1
0001f6 81ac      	LDD  R26,Y+4
0001f7 83a0      	STD  Z+0,R26
                 _0x2020013:
0001f8 81aa      	LDD  R26,Y+2
0001f9 81bb      	LDD  R27,Y+2+1
0001fa 940e 03ef 	CALL __GETW1P
0001fc 23ff      	TST  R31
0001fd f02a      	BRMI _0x2020014
0001fe 91ed      	LD   R30,X+
0001ff 91fd      	LD   R31,X+
000200 9631      	ADIW R30,1
000201 93fe      	ST   -X,R31
000202 93ee      	ST   -X,R30
                 _0x2020014:
000203 c006      	RJMP _0x2020015
                 _0x2020010:
000204 81aa      	LDD  R26,Y+2
000205 81bb      	LDD  R27,Y+2+1
000206 efef      	LDI  R30,LOW(65535)
000207 efff      	LDI  R31,HIGH(65535)
000208 93ed      	ST   X+,R30
000209 93fc      	ST   X,R31
                 _0x2020015:
00020a 8119      	LDD  R17,Y+1
00020b 8108      	LDD  R16,Y+0
00020c 9625      	ADIW R28,5
00020d 9508      	RET
                 ; .FEND
                 __print_G101:
                 ; .FSTART __print_G101
00020e 93ba      	ST   -Y,R27
00020f 93aa      	ST   -Y,R26
000210 9726      	SBIW R28,6
000211 940e 03fc 	CALL __SAVELOCR6
000213 e010      	LDI  R17,0
000214 85ac      	LDD  R26,Y+12
000215 85bd      	LDD  R27,Y+12+1
000216 e0e0      	LDI  R30,LOW(0)
000217 e0f0      	LDI  R31,HIGH(0)
000218 93ed      	ST   X+,R30
000219 93fc      	ST   X,R31
                 _0x2020016:
00021a 89ea      	LDD  R30,Y+18
00021b 89fb      	LDD  R31,Y+18+1
00021c 9631      	ADIW R30,1
00021d 8bea      	STD  Y+18,R30
00021e 8bfb      	STD  Y+18+1,R31
00021f 9731      	SBIW R30,1
000220 91e4      	LPM  R30,Z
000221 2f2e      	MOV  R18,R30
000222 30e0      	CPI  R30,0
000223 f409      	BRNE PC+2
000224 c115      	RJMP _0x2020018
000225 2fe1      	MOV  R30,R17
000226 30e0      	CPI  R30,0
000227 f439      	BRNE _0x202001C
000228 3225      	CPI  R18,37
000229 f411      	BRNE _0x202001D
00022a e011      	LDI  R17,LOW(1)
00022b c002      	RJMP _0x202001E
                 _0x202001D:
00022c 940e 03ac 	CALL SUBOPT_0x5
                 _0x202001E:
00022e c10a      	RJMP _0x202001B
                 _0x202001C:
00022f 30e1      	CPI  R30,LOW(0x1)
000230 f4a9      	BRNE _0x202001F
000231 3225      	CPI  R18,37
000232 f419      	BRNE _0x2020020
000233 940e 03ac 	CALL SUBOPT_0x5
000235 c102      	RJMP _0x20200CC
                 _0x2020020:
000236 e012      	LDI  R17,LOW(2)
000237 e040      	LDI  R20,LOW(0)
000238 e000      	LDI  R16,LOW(0)
000239 322d      	CPI  R18,45
00023a f411      	BRNE _0x2020021
00023b e001      	LDI  R16,LOW(1)
00023c c0fc      	RJMP _0x202001B
                 _0x2020021:
00023d 322b      	CPI  R18,43
00023e f411      	BRNE _0x2020022
00023f e24b      	LDI  R20,LOW(43)
000240 c0f8      	RJMP _0x202001B
                 _0x2020022:
000241 3220      	CPI  R18,32
000242 f411      	BRNE _0x2020023
000243 e240      	LDI  R20,LOW(32)
000244 c0f4      	RJMP _0x202001B
                 _0x2020023:
000245 c002      	RJMP _0x2020024
                 _0x202001F:
000246 30e2      	CPI  R30,LOW(0x2)
000247 f439      	BRNE _0x2020025
                 _0x2020024:
000248 e050      	LDI  R21,LOW(0)
000249 e013      	LDI  R17,LOW(3)
00024a 3320      	CPI  R18,48
00024b f411      	BRNE _0x2020026
00024c 6800      	ORI  R16,LOW(128)
00024d c0eb      	RJMP _0x202001B
                 _0x2020026:
00024e c003      	RJMP _0x2020027
                 _0x2020025:
00024f 30e3      	CPI  R30,LOW(0x3)
000250 f009      	BREQ PC+2
000251 c0e7      	RJMP _0x202001B
                 _0x2020027:
000252 3320      	CPI  R18,48
000253 f010      	BRLO _0x202002A
000254 332a      	CPI  R18,58
000255 f008      	BRLO _0x202002B
                 _0x202002A:
000256 c007      	RJMP _0x2020029
                 _0x202002B:
000257 e0aa      	LDI  R26,LOW(10)
000258 9f5a      	MUL  R21,R26
000259 2d50      	MOV  R21,R0
00025a 2fe2      	MOV  R30,R18
00025b 53e0      	SUBI R30,LOW(48)
00025c 0f5e      	ADD  R21,R30
00025d c0db      	RJMP _0x202001B
                 _0x2020029:
00025e 2fe2      	MOV  R30,R18
00025f 36e3      	CPI  R30,LOW(0x63)
000260 f449      	BRNE _0x202002F
000261 940e 03b3 	CALL SUBOPT_0x6
000263 89e8      	LDD  R30,Y+16
000264 89f9      	LDD  R31,Y+16+1
000265 81a4      	LDD  R26,Z+4
000266 93aa      	ST   -Y,R26
000267 940e 03b9 	CALL SUBOPT_0x7
000269 c0ce      	RJMP _0x2020030
                 _0x202002F:
00026a 37e3      	CPI  R30,LOW(0x73)
00026b f441      	BRNE _0x2020032
00026c 940e 03b3 	CALL SUBOPT_0x6
00026e 940e 03bf 	CALL SUBOPT_0x8
000270 940e 0376 	CALL _strlen
000272 2f1e      	MOV  R17,R30
000273 c00a      	RJMP _0x2020033
                 _0x2020032:
000274 37e0      	CPI  R30,LOW(0x70)
000275 f461      	BRNE _0x2020035
000276 940e 03b3 	CALL SUBOPT_0x6
000278 940e 03bf 	CALL SUBOPT_0x8
00027a 940e 0382 	CALL _strlenf
00027c 2f1e      	MOV  R17,R30
00027d 6008      	ORI  R16,LOW(8)
                 _0x2020033:
00027e 6002      	ORI  R16,LOW(2)
00027f 770f      	ANDI R16,LOW(127)
000280 e030      	LDI  R19,LOW(0)
000281 c034      	RJMP _0x2020036
                 _0x2020035:
000282 36e4      	CPI  R30,LOW(0x64)
000283 f011      	BREQ _0x2020039
000284 36e9      	CPI  R30,LOW(0x69)
000285 f411      	BRNE _0x202003A
                 _0x2020039:
000286 6004      	ORI  R16,LOW(4)
000287 c002      	RJMP _0x202003B
                 _0x202003A:
000288 37e5      	CPI  R30,LOW(0x75)
000289 f431      	BRNE _0x202003C
                 _0x202003B:
00028a e5e4      	LDI  R30,LOW(_tbl10_G101*2)
00028b e0f0      	LDI  R31,HIGH(_tbl10_G101*2)
00028c 83ee      	STD  Y+6,R30
00028d 83ff      	STD  Y+6+1,R31
00028e e015      	LDI  R17,LOW(5)
00028f c00c      	RJMP _0x202003D
                 _0x202003C:
000290 35e8      	CPI  R30,LOW(0x58)
000291 f411      	BRNE _0x202003F
000292 6008      	ORI  R16,LOW(8)
000293 c003      	RJMP _0x2020040
                 _0x202003F:
000294 37e8      	CPI  R30,LOW(0x78)
000295 f009      	BREQ PC+2
000296 c0a1      	RJMP _0x2020071
                 _0x2020040:
000297 e5ee      	LDI  R30,LOW(_tbl16_G101*2)
000298 e0f0      	LDI  R31,HIGH(_tbl16_G101*2)
000299 83ee      	STD  Y+6,R30
00029a 83ff      	STD  Y+6+1,R31
00029b e014      	LDI  R17,LOW(4)
                 _0x202003D:
00029c ff02      	SBRS R16,2
00029d c014      	RJMP _0x2020042
00029e 940e 03b3 	CALL SUBOPT_0x6
0002a0 940e 03c9 	CALL SUBOPT_0x9
0002a2 85ab      	LDD  R26,Y+11
0002a3 23aa      	TST  R26
0002a4 f43a      	BRPL _0x2020043
0002a5 85ea      	LDD  R30,Y+10
0002a6 85fb      	LDD  R31,Y+10+1
0002a7 940e 03e6 	CALL __ANEGW1
0002a9 87ea      	STD  Y+10,R30
0002aa 87fb      	STD  Y+10+1,R31
0002ab e24d      	LDI  R20,LOW(45)
                 _0x2020043:
0002ac 3040      	CPI  R20,0
0002ad f011      	BREQ _0x2020044
0002ae 5f1f      	SUBI R17,-LOW(1)
0002af c001      	RJMP _0x2020045
                 _0x2020044:
0002b0 7f0b      	ANDI R16,LOW(251)
                 _0x2020045:
0002b1 c004      	RJMP _0x2020046
                 _0x2020042:
0002b2 940e 03b3 	CALL SUBOPT_0x6
0002b4 940e 03c9 	CALL SUBOPT_0x9
                 _0x2020046:
                 _0x2020036:
0002b6 fd00      	SBRC R16,0
0002b7 c011      	RJMP _0x2020047
                 _0x2020048:
0002b8 1715      	CP   R17,R21
0002b9 f478      	BRSH _0x202004A
0002ba ff07      	SBRS R16,7
0002bb c008      	RJMP _0x202004B
0002bc ff02      	SBRS R16,2
0002bd c004      	RJMP _0x202004C
0002be 7f0b      	ANDI R16,LOW(251)
0002bf 2f24      	MOV  R18,R20
0002c0 5011      	SUBI R17,LOW(1)
0002c1 c001      	RJMP _0x202004D
                 _0x202004C:
0002c2 e320      	LDI  R18,LOW(48)
                 _0x202004D:
0002c3 c001      	RJMP _0x202004E
                 _0x202004B:
0002c4 e220      	LDI  R18,LOW(32)
                 _0x202004E:
0002c5 940e 03ac 	CALL SUBOPT_0x5
0002c7 5051      	SUBI R21,LOW(1)
0002c8 cfef      	RJMP _0x2020048
                 _0x202004A:
                 _0x2020047:
0002c9 2f31      	MOV  R19,R17
0002ca ff01      	SBRS R16,1
0002cb c017      	RJMP _0x202004F
                 _0x2020050:
0002cc 3030      	CPI  R19,0
0002cd f0a1      	BREQ _0x2020052
0002ce ff03      	SBRS R16,3
0002cf c006      	RJMP _0x2020053
0002d0 81ee      	LDD  R30,Y+6
0002d1 81ff      	LDD  R31,Y+6+1
0002d2 9125      	LPM  R18,Z+
0002d3 83ee      	STD  Y+6,R30
0002d4 83ff      	STD  Y+6+1,R31
0002d5 c005      	RJMP _0x2020054
                 _0x2020053:
0002d6 81ae      	LDD  R26,Y+6
0002d7 81bf      	LDD  R27,Y+6+1
0002d8 912d      	LD   R18,X+
0002d9 83ae      	STD  Y+6,R26
0002da 83bf      	STD  Y+6+1,R27
                 _0x2020054:
0002db 940e 03ac 	CALL SUBOPT_0x5
0002dd 3050      	CPI  R21,0
0002de f009      	BREQ _0x2020055
0002df 5051      	SUBI R21,LOW(1)
                 _0x2020055:
0002e0 5031      	SUBI R19,LOW(1)
0002e1 cfea      	RJMP _0x2020050
                 _0x2020052:
0002e2 c04b      	RJMP _0x2020056
                 _0x202004F:
                 _0x2020058:
0002e3 e320      	LDI  R18,LOW(48)
0002e4 81ee      	LDD  R30,Y+6
0002e5 81ff      	LDD  R31,Y+6+1
0002e6 940e 03f3 	CALL __GETW1PF
0002e8 87e8      	STD  Y+8,R30
0002e9 87f9      	STD  Y+8+1,R31
0002ea 81ee      	LDD  R30,Y+6
0002eb 81ff      	LDD  R31,Y+6+1
0002ec 9632      	ADIW R30,2
0002ed 83ee      	STD  Y+6,R30
0002ee 83ff      	STD  Y+6+1,R31
                 _0x202005A:
0002ef 85e8      	LDD  R30,Y+8
0002f0 85f9      	LDD  R31,Y+8+1
0002f1 85aa      	LDD  R26,Y+10
0002f2 85bb      	LDD  R27,Y+10+1
0002f3 17ae      	CP   R26,R30
0002f4 07bf      	CPC  R27,R31
0002f5 f050      	BRLO _0x202005C
0002f6 5f2f      	SUBI R18,-LOW(1)
0002f7 85a8      	LDD  R26,Y+8
0002f8 85b9      	LDD  R27,Y+8+1
0002f9 85ea      	LDD  R30,Y+10
0002fa 85fb      	LDD  R31,Y+10+1
0002fb 1bea      	SUB  R30,R26
0002fc 0bfb      	SBC  R31,R27
0002fd 87ea      	STD  Y+10,R30
0002fe 87fb      	STD  Y+10+1,R31
0002ff cfef      	RJMP _0x202005A
                 _0x202005C:
000300 332a      	CPI  R18,58
000301 f028      	BRLO _0x202005D
000302 ff03      	SBRS R16,3
000303 c002      	RJMP _0x202005E
000304 5f29      	SUBI R18,-LOW(7)
000305 c001      	RJMP _0x202005F
                 _0x202005E:
000306 5d29      	SUBI R18,-LOW(39)
                 _0x202005F:
                 _0x202005D:
000307 fd04      	SBRC R16,4
000308 c01a      	RJMP _0x2020061
000309 3321      	CPI  R18,49
00030a f420      	BRSH _0x2020063
00030b 85a8      	LDD  R26,Y+8
00030c 85b9      	LDD  R27,Y+8+1
00030d 9711      	SBIW R26,1
00030e f409      	BRNE _0x2020062
                 _0x2020063:
00030f c009      	RJMP _0x20200CD
                 _0x2020062:
000310 1753      	CP   R21,R19
000311 f010      	BRLO _0x2020067
000312 ff00      	SBRS R16,0
000313 c001      	RJMP _0x2020068
                 _0x2020067:
000314 c013      	RJMP _0x2020066
                 _0x2020068:
000315 e220      	LDI  R18,LOW(32)
000316 ff07      	SBRS R16,7
000317 c00b      	RJMP _0x2020069
000318 e320      	LDI  R18,LOW(48)
                 _0x20200CD:
000319 6100      	ORI  R16,LOW(16)
00031a ff02      	SBRS R16,2
00031b c007      	RJMP _0x202006A
00031c 7f0b      	ANDI R16,LOW(251)
00031d 934a      	ST   -Y,R20
00031e 940e 03b9 	CALL SUBOPT_0x7
000320 3050      	CPI  R21,0
000321 f009      	BREQ _0x202006B
000322 5051      	SUBI R21,LOW(1)
                 _0x202006B:
                 _0x202006A:
                 _0x2020069:
                 _0x2020061:
000323 940e 03ac 	CALL SUBOPT_0x5
000325 3050      	CPI  R21,0
000326 f009      	BREQ _0x202006C
000327 5051      	SUBI R21,LOW(1)
                 _0x202006C:
                 _0x2020066:
000328 5031      	SUBI R19,LOW(1)
000329 85a8      	LDD  R26,Y+8
00032a 85b9      	LDD  R27,Y+8+1
00032b 9712      	SBIW R26,2
00032c f008      	BRLO _0x2020059
00032d cfb5      	RJMP _0x2020058
                 _0x2020059:
                 _0x2020056:
00032e ff00      	SBRS R16,0
00032f c008      	RJMP _0x202006D
                 _0x202006E:
000330 3050      	CPI  R21,0
000331 f031      	BREQ _0x2020070
000332 5051      	SUBI R21,LOW(1)
000333 e2e0      	LDI  R30,LOW(32)
000334 93ea      	ST   -Y,R30
000335 940e 03b9 	CALL SUBOPT_0x7
000337 cff8      	RJMP _0x202006E
                 _0x2020070:
                 _0x202006D:
                 _0x2020071:
                 _0x2020030:
                 _0x20200CC:
000338 e010      	LDI  R17,LOW(0)
                 _0x202001B:
000339 cee0      	RJMP _0x2020016
                 _0x2020018:
00033a 85ac      	LDD  R26,Y+12
00033b 85bd      	LDD  R27,Y+12+1
00033c 940e 03ef 	CALL __GETW1P
00033e 940e 0403 	CALL __LOADLOCR6
000340 9664      	ADIW R28,20
000341 9508      	RET
                 ; .FEND
                 _sprintf:
                 ; .FSTART _sprintf
000342 92ff      	PUSH R15
000343 2ef8      	MOV  R15,R24
000344 9726      	SBIW R28,6
000345 940e 03fe 	CALL __SAVELOCR4
000347 940e 03d1 	CALL SUBOPT_0xA
000349 9730      	SBIW R30,0
00034a f419      	BRNE _0x2020072
00034b efef      	LDI  R30,LOW(65535)
00034c efff      	LDI  R31,HIGH(65535)
00034d c023      	RJMP _0x2080001
                 _0x2020072:
00034e 01de      	MOVW R26,R28
00034f 9616      	ADIW R26,6
000350 940e 03e2 	CALL __ADDW2R15
000352 018d      	MOVW R16,R26
000353 940e 03d1 	CALL SUBOPT_0xA
000355 83ee      	STD  Y+6,R30
000356 83ff      	STD  Y+6+1,R31
000357 e0e0      	LDI  R30,LOW(0)
000358 87e8      	STD  Y+8,R30
000359 87e9      	STD  Y+8+1,R30
00035a 01de      	MOVW R26,R28
00035b 961a      	ADIW R26,10
00035c 940e 03e2 	CALL __ADDW2R15
00035e 940e 03ef 	CALL __GETW1P
000360 93fa      	ST   -Y,R31
000361 93ea      	ST   -Y,R30
000362 931a      	ST   -Y,R17
000363 930a      	ST   -Y,R16
000364 ecee      	LDI  R30,LOW(_put_buff_G101)
000365 e0f1      	LDI  R31,HIGH(_put_buff_G101)
000366 93fa      	ST   -Y,R31
000367 93ea      	ST   -Y,R30
000368 01de      	MOVW R26,R28
000369 961a      	ADIW R26,10
00036a dea3      	RCALL __print_G101
00036b 019f      	MOVW R18,R30
00036c 81ae      	LDD  R26,Y+6
00036d 81bf      	LDD  R27,Y+6+1
00036e e0e0      	LDI  R30,LOW(0)
00036f 93ec      	ST   X,R30
000370 01f9      	MOVW R30,R18
                 _0x2080001:
000371 940e 0405 	CALL __LOADLOCR4
000373 962a      	ADIW R28,10
000374 90ff      	POP  R15
000375 9508      	RET
                 ; .FEND
                 
                 	.CSEG
                 
                 	.CSEG
                 _strlen:
                 ; .FSTART _strlen
000376 93ba      	ST   -Y,R27
000377 93aa      	ST   -Y,R26
000378 91a9          ld   r26,y+
000379 91b9          ld   r27,y+
00037a 27ee          clr  r30
00037b 27ff          clr  r31
                 strlen0:
00037c 916d          ld   r22,x+
00037d 2366          tst  r22
00037e f011          breq strlen1
00037f 9631          adiw r30,1
000380 cffb          rjmp strlen0
                 strlen1:
000381 9508          ret
                 ; .FEND
                 _strlenf:
                 ; .FSTART _strlenf
000382 93ba      	ST   -Y,R27
000383 93aa      	ST   -Y,R26
000384 27aa          clr  r26
000385 27bb          clr  r27
000386 91e9          ld   r30,y+
000387 91f9          ld   r31,y+
                 strlenf0:
000388 9005      	lpm  r0,z+
000389 2000          tst  r0
00038a f011          breq strlenf1
00038b 9611          adiw r26,1
00038c cffb          rjmp strlenf0
                 strlenf1:
00038d 01fd          movw r30,r26
00038e 9508          ret
                 ; .FEND
                 
                 	.DSEG
                 _str:
000160           	.BYTE 0x1E
                 __base_y_G100:
00017e           	.BYTE 0x4
                 
                 	.CSEG
                 ;OPTIMIZER ADDED SUBROUTINE, CALLED 6 TIMES, CODE SIZE REDUCTION:7 WORDS
                 SUBOPT_0x0:
00038f 9a90      	SBI  0x12,0
000390 9891      	CBI  0x12,1
000391 9892      	CBI  0x12,2
000392 9a93      	SBI  0x12,3
000393 9508      	RET
                 
                 ;OPTIMIZER ADDED SUBROUTINE, CALLED 5 TIMES, CODE SIZE REDUCTION:9 WORDS
                 SUBOPT_0x1:
000394 940e 0069 	CALL _read_adc
000396 3fe5      	CPI  R30,LOW(0x1F5)
000397 e0a1      	LDI  R26,HIGH(0x1F5)
000398 07fa      	CPC  R31,R26
000399 9508      	RET
                 
                 ;OPTIMIZER ADDED SUBROUTINE, CALLED 3 TIMES, CODE SIZE REDUCTION:1 WORDS
                 SUBOPT_0x2:
00039a e7ed      	LDI  R30,LOW(125)
00039b bdea      	OUT  0x2A,R30
00039c bde8      	OUT  0x28,R30
00039d 9508      	RET
                 
                 ;OPTIMIZER ADDED SUBROUTINE, CALLED 2 TIMES, CODE SIZE REDUCTION:1 WORDS
                 SUBOPT_0x3:
00039e 940e 0155 	CALL __lcd_write_data
0003a0 e0a3      	LDI  R26,LOW(3)
0003a1 e0b0      	LDI  R27,0
0003a2 940c 03d8 	JMP  _delay_ms
                 
                 ;OPTIMIZER ADDED SUBROUTINE, CALLED 3 TIMES, CODE SIZE REDUCTION:7 WORDS
                 SUBOPT_0x4:
0003a4 e3a0      	LDI  R26,LOW(48)
0003a5 940e 0141 	CALL __lcd_write_nibble_G100
                +
0003a7 ec88     +LDI R24 , LOW ( 200 )
0003a8 e090     +LDI R25 , HIGH ( 200 )
                +__DELAY_USW_LOOP :
0003a9 9701     +SBIW R24 , 1
0003aa f7f1     +BRNE __DELAY_USW_LOOP
                 	__DELAY_USW 200
0003ab 9508      	RET
                 
                 ;OPTIMIZER ADDED SUBROUTINE, CALLED 5 TIMES, CODE SIZE REDUCTION:13 WORDS
                 SUBOPT_0x5:
0003ac 932a      	ST   -Y,R18
0003ad 85ad      	LDD  R26,Y+13
0003ae 85be      	LDD  R27,Y+13+1
0003af 85ef      	LDD  R30,Y+15
0003b0 89f8      	LDD  R31,Y+15+1
0003b1 9509      	ICALL
0003b2 9508      	RET
                 
                 ;OPTIMIZER ADDED SUBROUTINE, CALLED 5 TIMES, CODE SIZE REDUCTION:9 WORDS
                 SUBOPT_0x6:
0003b3 89e8      	LDD  R30,Y+16
0003b4 89f9      	LDD  R31,Y+16+1
0003b5 9734      	SBIW R30,4
0003b6 8be8      	STD  Y+16,R30
0003b7 8bf9      	STD  Y+16+1,R31
0003b8 9508      	RET
                 
                 ;OPTIMIZER ADDED SUBROUTINE, CALLED 3 TIMES, CODE SIZE REDUCTION:3 WORDS
                 SUBOPT_0x7:
0003b9 85ad      	LDD  R26,Y+13
0003ba 85be      	LDD  R27,Y+13+1
0003bb 85ef      	LDD  R30,Y+15
0003bc 89f8      	LDD  R31,Y+15+1
0003bd 9509      	ICALL
0003be 9508      	RET
                 
                 ;OPTIMIZER ADDED SUBROUTINE, CALLED 2 TIMES, CODE SIZE REDUCTION:4 WORDS
                 SUBOPT_0x8:
0003bf 89a8      	LDD  R26,Y+16
0003c0 89b9      	LDD  R27,Y+16+1
0003c1 9614      	ADIW R26,4
0003c2 940e 03ef 	CALL __GETW1P
0003c4 83ee      	STD  Y+6,R30
0003c5 83ff      	STD  Y+6+1,R31
0003c6 81ae      	LDD  R26,Y+6
0003c7 81bf      	LDD  R27,Y+6+1
0003c8 9508      	RET
                 
                 ;OPTIMIZER ADDED SUBROUTINE, CALLED 2 TIMES, CODE SIZE REDUCTION:2 WORDS
                 SUBOPT_0x9:
0003c9 89a8      	LDD  R26,Y+16
0003ca 89b9      	LDD  R27,Y+16+1
0003cb 9614      	ADIW R26,4
0003cc 940e 03ef 	CALL __GETW1P
0003ce 87ea      	STD  Y+10,R30
0003cf 87fb      	STD  Y+10+1,R31
0003d0 9508      	RET
                 
                 ;OPTIMIZER ADDED SUBROUTINE, CALLED 2 TIMES, CODE SIZE REDUCTION:1 WORDS
                 SUBOPT_0xA:
0003d1 01de      	MOVW R26,R28
0003d2 961c      	ADIW R26,12
0003d3 940e 03e2 	CALL __ADDW2R15
0003d5 940e 03ef 	CALL __GETW1P
0003d7 9508      	RET
                 
                 
                 	.CSEG
                 _delay_ms:
0003d8 9610      	adiw r26,0
0003d9 f039      	breq __delay_ms1
                 __delay_ms0:
                +
0003da ed80     +LDI R24 , LOW ( 0x7D0 )
0003db e097     +LDI R25 , HIGH ( 0x7D0 )
                +__DELAY_USW_LOOP :
0003dc 9701     +SBIW R24 , 1
0003dd f7f1     +BRNE __DELAY_USW_LOOP
                 	__DELAY_USW 0x7D0
0003de 95a8      	wdr
0003df 9711      	sbiw r26,1
0003e0 f7c9      	brne __delay_ms0
                 __delay_ms1:
0003e1 9508      	ret
                 
                 __ADDW2R15:
0003e2 2400      	CLR  R0
0003e3 0daf      	ADD  R26,R15
0003e4 1db0      	ADC  R27,R0
0003e5 9508      	RET
                 
                 __ANEGW1:
0003e6 95f1      	NEG  R31
0003e7 95e1      	NEG  R30
0003e8 40f0      	SBCI R31,0
0003e9 9508      	RET
                 
                 __CWD1:
0003ea 2f6f      	MOV  R22,R31
0003eb 0f66      	ADD  R22,R22
0003ec 0b66      	SBC  R22,R22
0003ed 2f76      	MOV  R23,R22
0003ee 9508      	RET
                 
                 __GETW1P:
0003ef 91ed      	LD   R30,X+
0003f0 91fc      	LD   R31,X
0003f1 9711      	SBIW R26,1
0003f2 9508      	RET
                 
                 __GETW1PF:
0003f3 9005      	LPM  R0,Z+
0003f4 91f4      	LPM  R31,Z
0003f5 2de0      	MOV  R30,R0
0003f6 9508      	RET
                 
                 __PUTPARD1:
0003f7 937a      	ST   -Y,R23
0003f8 936a      	ST   -Y,R22
0003f9 93fa      	ST   -Y,R31
0003fa 93ea      	ST   -Y,R30
0003fb 9508      	RET
                 
                 __SAVELOCR6:
0003fc 935a      	ST   -Y,R21
                 __SAVELOCR5:
0003fd 934a      	ST   -Y,R20
                 __SAVELOCR4:
0003fe 933a      	ST   -Y,R19
                 __SAVELOCR3:
0003ff 932a      	ST   -Y,R18
                 __SAVELOCR2:
000400 931a      	ST   -Y,R17
000401 930a      	ST   -Y,R16
000402 9508      	RET
                 
                 __LOADLOCR6:
000403 815d      	LDD  R21,Y+5
                 __LOADLOCR5:
000404 814c      	LDD  R20,Y+4
                 __LOADLOCR4:
000405 813b      	LDD  R19,Y+3
                 __LOADLOCR3:
000406 812a      	LDD  R18,Y+2
                 __LOADLOCR2:
000407 8119      	LDD  R17,Y+1
000408 8108      	LD   R16,Y
000409 9508      	RET
                 
                 ;END OF CODE MARKER
                 __END_OF_CODE:


RESOURCE USE INFORMATION
------------------------

Notice:
The register and instruction counts are symbol table hit counts,
and hence implicitly used resources are not counted, eg, the
'lpm' instruction without operands implicitly uses r0 and z,
none of which are counted.

x,y,z are separate entities in the symbol table and are
counted separately from r26..r31 here.

.dseg memory usage only counts static data declared with .byte

ATmega16 register use summary:
r0 :  11 r1 :   1 r2 :   0 r3 :   0 r4 :   4 r5 :   4 r6 :   0 r7 :   2 
r8 :   0 r9 :   0 r10:   0 r11:   0 r12:   0 r13:   0 r14:   0 r15:   4 
r16:  45 r17:  33 r18:  29 r19:   8 r20:   9 r21:  17 r22:  11 r23:   2 
r24:  25 r25:   5 r26: 125 r27:  37 r28:  14 r29:   1 r30: 228 r31:  69 
x  :  23 y  : 168 z  :  15 
Registers used: 25 out of 35 (71.4%)

ATmega16 instruction use summary:
.lds  :   0 .lds.l:   0 .sts  :   0 .sts.l:   0 adc   :   1 add   :   4 
adiw  :  24 and   :   0 andi  :   6 asr   :   0 bclr  :   0 bld   :   0 
brbc  :   0 brbs  :   0 brcc  :   0 brcs  :   0 break :   0 breq  :  17 
brge  :   0 brhc  :   0 brhs  :   0 brid  :   0 brie  :   0 brlo  :  15 
brlt  :   0 brmi  :   1 brne  :  38 brpl  :   1 brsh  :   2 brtc  :   0 
brts  :   0 brvc  :   0 brvs  :   0 bset  :   0 bst   :   0 call  :  64 
cbi   :  11 cbr   :   0 clc   :   0 clh   :   0 cli   :   1 cln   :   0 
clr   :   7 cls   :   0 clt   :   0 clv   :   0 clz   :   0 com   :   0 
cp    :   4 cpc   :  12 cpi   :  43 cpse  :   0 dec   :   6 des   :   0 
eor   :   0 fmul  :   0 fmuls :   0 fmulsu:   0 icall :   2 ijmp  :   0 
in    :   4 inc   :   2 jmp   :  23 ld    :  26 ldd   :  77 ldi   : 127 
lds   :   0 lpm   :  14 lsl   :   0 lsr   :   0 mov   :  19 movw  :  16 
mul   :   1 muls  :   0 mulsu :   0 neg   :   2 nop   :   0 or    :   1 
ori   :   7 out   :  56 pop   :   1 push  :   1 rcall :  19 ret   :  28 
reti  :   0 rjmp  :  67 rol   :   0 ror   :   0 sbc   :   2 sbci  :   9 
sbi   :  13 sbic  :   0 sbis  :   1 sbiw  :  19 sbr   :   0 sbrc  :   2 
sbrs  :  10 sec   :   0 seh   :   0 sei   :   0 sen   :   0 ser   :   0 
ses   :   0 set   :   0 sev   :   0 sez   :   0 sleep :   0 spm   :   0 
st    :  60 std   :  31 sts   :   2 sub   :   1 subi  :  23 swap  :   1 
tst   :   4 wdr   :   1 
Instructions used: 53 out of 116 (45.7%)

ATmega16 memory use summary [bytes]:
Segment   Begin    End      Code   Data   Used    Size   Use%
---------------------------------------------------------------
[.cseg] 0x000000 0x000814   2032     36   2068   16384  12.6%
[.dseg] 0x000060 0x000182      0     34     34    1024   3.3%
[.eseg] 0x000000 0x000000      0      0      0     512   0.0%

Assembly complete, 0 errors, 4 warnings
